This file contains any messages produced by compilers while
running configure, to aid debugging if configure makes a mistake.

It was created by anaroot configure 4.5.38, which was
generated by GNU Autoconf 2.69.  Invocation command line was

  $ ./configure --enable-maintainer-mode --prefix=/opt/anaroot

## --------- ##
## Platform. ##
## --------- ##

hostname = nhdaq500
uname -m = x86_64
uname -r = 4.18.0-372.9.1.el8.x86_64
uname -s = Linux
uname -v = #1 SMP Tue May 10 08:57:35 EDT 2022

/usr/bin/uname -p = x86_64
/bin/uname -X     = unknown

/bin/arch              = x86_64
/usr/bin/arch -k       = unknown
/usr/convex/getsysinfo = unknown
/usr/bin/hostinfo      = unknown
/bin/machine           = unknown
/usr/bin/oslevel       = unknown
/bin/universe          = unknown

PATH: /opt/root_6.16.0/bin
PATH: /root/.local/bin
PATH: /root/bin
PATH: /home/shingo/.local/bin
PATH: /home/shingo/bin
PATH: /usr/local/bin
PATH: /usr/bin
PATH: /usr/local/sbin
PATH: /usr/sbin
PATH: /opt/babirl/bin
PATH: /opt/gnuplot/bin


## ----------- ##
## Core tests. ##
## ----------- ##

configure:2471: checking for a BSD-compatible install
configure:2539: result: /usr/bin/install -c
configure:2550: checking whether build environment is sane
configure:2605: result: yes
configure:2756: checking for a thread-safe mkdir -p
configure:2795: result: /usr/bin/mkdir -p
configure:2802: checking for gawk
configure:2818: found /usr/bin/gawk
configure:2829: result: gawk
configure:2840: checking whether make sets $(MAKE)
configure:2862: result: yes
configure:2891: checking whether make supports nested variables
configure:2908: result: yes
configure:3094: checking build system type
configure:3108: result: x86_64-pc-linux-gnu
configure:3128: checking host system type
configure:3141: result: x86_64-pc-linux-gnu
configure:3182: checking how to print strings
configure:3209: result: printf
configure:3234: checking whether make supports the include directive
configure:3249: make -f confmf.GNU && cat confinc.out
this is the am__doit target
configure:3252: $? = 0
configure:3271: result: yes (GNU style)
configure:3341: checking for gcc
configure:3357: found /usr/bin/gcc
configure:3368: result: gcc
configure:3597: checking for C compiler version
configure:3606: gcc --version >&5
gcc (GCC) 8.5.0 20210514 (Red Hat 8.5.0-10)
Copyright (C) 2018 Free Software Foundation, Inc.
This is free software; see the source for copying conditions.  There is NO
warranty; not even for MERCHANTABILITY or FITNESS FOR A PARTICULAR PURPOSE.

configure:3617: $? = 0
configure:3606: gcc -v >&5
Using built-in specs.
COLLECT_GCC=gcc
COLLECT_LTO_WRAPPER=/usr/libexec/gcc/x86_64-redhat-linux/8/lto-wrapper
OFFLOAD_TARGET_NAMES=nvptx-none
OFFLOAD_TARGET_DEFAULT=1
Target: x86_64-redhat-linux
Configured with: ../configure --enable-bootstrap --enable-languages=c,c++,fortran,lto --prefix=/usr --mandir=/usr/share/man --infodir=/usr/share/info --with-bugurl=http://bugs.almalinux.org/ --enable-shared --enable-threads=posix --enable-checking=release --enable-multilib --with-system-zlib --enable-__cxa_atexit --disable-libunwind-exceptions --enable-gnu-unique-object --enable-linker-build-id --with-gcc-major-version-only --with-linker-hash-style=gnu --enable-plugin --enable-initfini-array --with-isl --disable-libmpx --enable-offload-targets=nvptx-none --without-cuda-driver --enable-gnu-indirect-function --enable-cet --with-tune=generic --with-arch_32=x86-64 --build=x86_64-redhat-linux
Thread model: posix
gcc version 8.5.0 20210514 (Red Hat 8.5.0-10) (GCC) 
configure:3617: $? = 0
configure:3606: gcc -V >&5
gcc: error: unrecognized command line option '-V'
gcc: fatal error: no input files
compilation terminated.
configure:3617: $? = 1
configure:3606: gcc -qversion >&5
gcc: error: unrecognized command line option '-qversion'; did you mean '--version'?
gcc: fatal error: no input files
compilation terminated.
configure:3617: $? = 1
configure:3637: checking whether the C compiler works
configure:3659: gcc    conftest.c  >&5
configure:3663: $? = 0
configure:3711: result: yes
configure:3714: checking for C compiler default output file name
configure:3716: result: a.out
configure:3722: checking for suffix of executables
configure:3729: gcc -o conftest    conftest.c  >&5
configure:3733: $? = 0
configure:3755: result: 
configure:3777: checking whether we are cross compiling
configure:3785: gcc -o conftest    conftest.c  >&5
configure:3789: $? = 0
configure:3796: ./conftest
configure:3800: $? = 0
configure:3815: result: no
configure:3820: checking for suffix of object files
configure:3842: gcc -c   conftest.c >&5
configure:3846: $? = 0
configure:3867: result: o
configure:3871: checking whether we are using the GNU C compiler
configure:3890: gcc -c   conftest.c >&5
configure:3890: $? = 0
configure:3899: result: yes
configure:3908: checking whether gcc accepts -g
configure:3928: gcc -c -g  conftest.c >&5
configure:3928: $? = 0
configure:3969: result: yes
configure:3986: checking for gcc option to accept ISO C89
configure:4049: gcc  -c -g -O2  conftest.c >&5
configure:4049: $? = 0
configure:4062: result: none needed
configure:4087: checking whether gcc understands -c and -o together
configure:4109: gcc -c conftest.c -o conftest2.o
configure:4112: $? = 0
configure:4109: gcc -c conftest.c -o conftest2.o
configure:4112: $? = 0
configure:4124: result: yes
configure:4143: checking dependency style of gcc
configure:4254: result: gcc3
configure:4269: checking for a sed that does not truncate output
configure:4333: result: /usr/bin/sed
configure:4351: checking for grep that handles long lines and -e
configure:4409: result: /usr/bin/grep
configure:4414: checking for egrep
configure:4476: result: /usr/bin/grep -E
configure:4481: checking for fgrep
configure:4543: result: /usr/bin/grep -F
configure:4578: checking for ld used by gcc
configure:4645: result: /usr/bin/ld
configure:4652: checking if the linker (/usr/bin/ld) is GNU ld
configure:4667: result: yes
configure:4679: checking for BSD- or MS-compatible name lister (nm)
configure:4733: result: /usr/bin/nm -B
configure:4863: checking the name lister (/usr/bin/nm -B) interface
configure:4870: gcc -c -g -O2  conftest.c >&5
configure:4873: /usr/bin/nm -B "conftest.o"
configure:4876: output
0000000000000000 B some_variable
configure:4883: result: BSD nm
configure:4886: checking whether ln -s works
configure:4890: result: yes
configure:4898: checking the maximum length of command line arguments
configure:5029: result: 1572864
configure:5077: checking how to convert x86_64-pc-linux-gnu file names to x86_64-pc-linux-gnu format
configure:5117: result: func_convert_file_noop
configure:5124: checking how to convert x86_64-pc-linux-gnu file names to toolchain format
configure:5144: result: func_convert_file_noop
configure:5151: checking for /usr/bin/ld option to reload object files
configure:5158: result: -r
configure:5232: checking for objdump
configure:5248: found /usr/bin/objdump
configure:5259: result: objdump
configure:5291: checking how to recognize dependent libraries
configure:5491: result: pass_all
configure:5576: checking for dlltool
configure:5606: result: no
configure:5636: checking how to associate runtime and link libraries
configure:5663: result: printf %s\n
configure:5724: checking for ar
configure:5740: found /usr/bin/ar
configure:5751: result: ar
configure:5788: checking for archiver @FILE support
configure:5805: gcc -c -g -O2  conftest.c >&5
configure:5805: $? = 0
configure:5808: ar cru libconftest.a @conftest.lst >&5
configure:5811: $? = 0
configure:5816: ar cru libconftest.a @conftest.lst >&5
ar: conftest.o: No such file or directory
configure:5819: $? = 1
configure:5831: result: @
configure:5889: checking for strip
configure:5905: found /usr/bin/strip
configure:5916: result: strip
configure:5988: checking for ranlib
configure:6004: found /usr/bin/ranlib
configure:6015: result: ranlib
configure:6117: checking command to parse /usr/bin/nm -B output from gcc object
configure:6270: gcc -c -g -O2  conftest.c >&5
configure:6273: $? = 0
configure:6277: /usr/bin/nm -B conftest.o \| sed -n -e 's/^.*[ ]\([ABCDGIRSTW][ABCDGIRSTW]*\)[ ][ ]*\([_A-Za-z][_A-Za-z0-9]*\)$/\1 \2 \2/p' | sed '/ __gnu_lto/d' \> conftest.nm
configure:6280: $? = 0
configure:6346: gcc -o conftest -g -O2   conftest.c conftstm.o >&5
configure:6349: $? = 0
configure:6387: result: ok
configure:6434: checking for sysroot
configure:6464: result: no
configure:6471: checking for a working dd
configure:6509: result: /usr/bin/dd
configure:6513: checking how to truncate binary pipes
configure:6528: result: /usr/bin/dd bs=4096 count=1
configure:6664: gcc -c -g -O2  conftest.c >&5
configure:6667: $? = 0
configure:6857: checking for mt
configure:6887: result: no
configure:6907: checking if : is a manifest tool
configure:6913: : '-?'
configure:6921: result: no
configure:7598: checking how to run the C preprocessor
configure:7629: gcc -E  conftest.c
configure:7629: $? = 0
configure:7643: gcc -E  conftest.c
conftest.c:11:10: fatal error: ac_nonexistent.h: No such file or directory
 #include <ac_nonexistent.h>
          ^~~~~~~~~~~~~~~~~~
compilation terminated.
configure:7643: $? = 1
configure: failed program was:
| /* confdefs.h */
| #define PACKAGE_NAME "anaroot"
| #define PACKAGE_TARNAME "anaroot"
| #define PACKAGE_VERSION "4.5.38"
| #define PACKAGE_STRING "anaroot 4.5.38"
| #define PACKAGE_BUGREPORT "isobe@riken.jp"
| #define PACKAGE_URL ""
| #define PACKAGE "anaroot"
| #define VERSION "4.5.38"
| /* end confdefs.h.  */
| #include <ac_nonexistent.h>
configure:7668: result: gcc -E
configure:7688: gcc -E  conftest.c
configure:7688: $? = 0
configure:7702: gcc -E  conftest.c
conftest.c:11:10: fatal error: ac_nonexistent.h: No such file or directory
 #include <ac_nonexistent.h>
          ^~~~~~~~~~~~~~~~~~
compilation terminated.
configure:7702: $? = 1
configure: failed program was:
| /* confdefs.h */
| #define PACKAGE_NAME "anaroot"
| #define PACKAGE_TARNAME "anaroot"
| #define PACKAGE_VERSION "4.5.38"
| #define PACKAGE_STRING "anaroot 4.5.38"
| #define PACKAGE_BUGREPORT "isobe@riken.jp"
| #define PACKAGE_URL ""
| #define PACKAGE "anaroot"
| #define VERSION "4.5.38"
| /* end confdefs.h.  */
| #include <ac_nonexistent.h>
configure:7731: checking for ANSI C header files
configure:7751: gcc -c -g -O2  conftest.c >&5
configure:7751: $? = 0
configure:7824: gcc -o conftest -g -O2   conftest.c  >&5
configure:7824: $? = 0
configure:7824: ./conftest
configure:7824: $? = 0
configure:7835: result: yes
configure:7848: checking for sys/types.h
configure:7848: gcc -c -g -O2  conftest.c >&5
configure:7848: $? = 0
configure:7848: result: yes
configure:7848: checking for sys/stat.h
configure:7848: gcc -c -g -O2  conftest.c >&5
configure:7848: $? = 0
configure:7848: result: yes
configure:7848: checking for stdlib.h
configure:7848: gcc -c -g -O2  conftest.c >&5
configure:7848: $? = 0
configure:7848: result: yes
configure:7848: checking for string.h
configure:7848: gcc -c -g -O2  conftest.c >&5
configure:7848: $? = 0
configure:7848: result: yes
configure:7848: checking for memory.h
configure:7848: gcc -c -g -O2  conftest.c >&5
configure:7848: $? = 0
configure:7848: result: yes
configure:7848: checking for strings.h
configure:7848: gcc -c -g -O2  conftest.c >&5
configure:7848: $? = 0
configure:7848: result: yes
configure:7848: checking for inttypes.h
configure:7848: gcc -c -g -O2  conftest.c >&5
configure:7848: $? = 0
configure:7848: result: yes
configure:7848: checking for stdint.h
configure:7848: gcc -c -g -O2  conftest.c >&5
configure:7848: $? = 0
configure:7848: result: yes
configure:7848: checking for unistd.h
configure:7848: gcc -c -g -O2  conftest.c >&5
configure:7848: $? = 0
configure:7848: result: yes
configure:7862: checking for dlfcn.h
configure:7862: gcc -c -g -O2  conftest.c >&5
configure:7862: $? = 0
configure:7862: result: yes
configure:8088: checking for objdir
configure:8103: result: .libs
configure:8363: checking if gcc supports -fno-rtti -fno-exceptions
configure:8381: gcc -c -g -O2  -fno-rtti -fno-exceptions conftest.c >&5
cc1: warning: command line option '-fno-rtti' is valid for C++/ObjC++ but not for C
configure:8385: $? = 0
configure:8398: result: no
configure:8756: checking for gcc option to produce PIC
configure:8763: result: -fPIC -DPIC
configure:8771: checking if gcc PIC flag -fPIC -DPIC works
configure:8789: gcc -c -g -O2  -fPIC -DPIC -DPIC conftest.c >&5
configure:8793: $? = 0
configure:8806: result: yes
configure:8835: checking if gcc static flag -static works
configure:8863: result: no
configure:8878: checking if gcc supports -c -o file.o
configure:8899: gcc -c -g -O2  -o out/conftest2.o conftest.c >&5
configure:8903: $? = 0
configure:8925: result: yes
configure:8933: checking if gcc supports -c -o file.o
configure:8980: result: yes
configure:9013: checking whether the gcc linker (/usr/bin/ld -m elf_x86_64) supports shared libraries
configure:10272: result: yes
configure:10309: checking whether -lc should be explicitly linked in
configure:10317: gcc -c -g -O2  conftest.c >&5
configure:10320: $? = 0
configure:10335: gcc -shared  -fPIC -DPIC conftest.o  -v -Wl,-soname -Wl,conftest -o conftest 2\>\&1 \| /usr/bin/grep  -lc  \>/dev/null 2\>\&1
configure:10338: $? = 0
configure:10352: result: no
configure:10512: checking dynamic linker characteristics
configure:11093: gcc -o conftest -g -O2   -Wl,-rpath -Wl,/foo conftest.c  >&5
configure:11093: $? = 0
configure:11333: result: GNU/Linux ld.so
configure:11455: checking how to hardcode library paths into programs
configure:11480: result: immediate
configure:12028: checking whether stripping libraries is possible
configure:12033: result: yes
configure:12068: checking if libtool supports shared libraries
configure:12070: result: yes
configure:12073: checking whether to build shared libraries
configure:12098: result: yes
configure:12101: checking whether to build static libraries
configure:12105: result: no
configure:12202: checking for g++
configure:12218: found /usr/bin/g++
configure:12229: result: g++
configure:12256: checking for C++ compiler version
configure:12265: g++ --version >&5
g++ (GCC) 8.5.0 20210514 (Red Hat 8.5.0-10)
Copyright (C) 2018 Free Software Foundation, Inc.
This is free software; see the source for copying conditions.  There is NO
warranty; not even for MERCHANTABILITY or FITNESS FOR A PARTICULAR PURPOSE.

configure:12276: $? = 0
configure:12265: g++ -v >&5
Using built-in specs.
COLLECT_GCC=g++
COLLECT_LTO_WRAPPER=/usr/libexec/gcc/x86_64-redhat-linux/8/lto-wrapper
OFFLOAD_TARGET_NAMES=nvptx-none
OFFLOAD_TARGET_DEFAULT=1
Target: x86_64-redhat-linux
Configured with: ../configure --enable-bootstrap --enable-languages=c,c++,fortran,lto --prefix=/usr --mandir=/usr/share/man --infodir=/usr/share/info --with-bugurl=http://bugs.almalinux.org/ --enable-shared --enable-threads=posix --enable-checking=release --enable-multilib --with-system-zlib --enable-__cxa_atexit --disable-libunwind-exceptions --enable-gnu-unique-object --enable-linker-build-id --with-gcc-major-version-only --with-linker-hash-style=gnu --enable-plugin --enable-initfini-array --with-isl --disable-libmpx --enable-offload-targets=nvptx-none --without-cuda-driver --enable-gnu-indirect-function --enable-cet --with-tune=generic --with-arch_32=x86-64 --build=x86_64-redhat-linux
Thread model: posix
gcc version 8.5.0 20210514 (Red Hat 8.5.0-10) (GCC) 
configure:12276: $? = 0
configure:12265: g++ -V >&5
g++: error: unrecognized command line option '-V'
g++: fatal error: no input files
compilation terminated.
configure:12276: $? = 1
configure:12265: g++ -qversion >&5
g++: error: unrecognized command line option '-qversion'; did you mean '--version'?
g++: fatal error: no input files
compilation terminated.
configure:12276: $? = 1
configure:12280: checking whether we are using the GNU C++ compiler
configure:12299: g++ -c   conftest.cpp >&5
configure:12299: $? = 0
configure:12308: result: yes
configure:12317: checking whether g++ accepts -g
configure:12337: g++ -c -g  conftest.cpp >&5
configure:12337: $? = 0
configure:12378: result: yes
configure:12403: checking dependency style of g++
configure:12514: result: gcc3
configure:12547: checking how to run the C++ preprocessor
configure:12574: g++ -E  conftest.cpp
configure:12574: $? = 0
configure:12588: g++ -E  conftest.cpp
conftest.cpp:23:10: fatal error: ac_nonexistent.h: No such file or directory
 #include <ac_nonexistent.h>
          ^~~~~~~~~~~~~~~~~~
compilation terminated.
configure:12588: $? = 1
configure: failed program was:
| /* confdefs.h */
| #define PACKAGE_NAME "anaroot"
| #define PACKAGE_TARNAME "anaroot"
| #define PACKAGE_VERSION "4.5.38"
| #define PACKAGE_STRING "anaroot 4.5.38"
| #define PACKAGE_BUGREPORT "isobe@riken.jp"
| #define PACKAGE_URL ""
| #define PACKAGE "anaroot"
| #define VERSION "4.5.38"
| #define STDC_HEADERS 1
| #define HAVE_SYS_TYPES_H 1
| #define HAVE_SYS_STAT_H 1
| #define HAVE_STDLIB_H 1
| #define HAVE_STRING_H 1
| #define HAVE_MEMORY_H 1
| #define HAVE_STRINGS_H 1
| #define HAVE_INTTYPES_H 1
| #define HAVE_STDINT_H 1
| #define HAVE_UNISTD_H 1
| #define HAVE_DLFCN_H 1
| #define LT_OBJDIR ".libs/"
| /* end confdefs.h.  */
| #include <ac_nonexistent.h>
configure:12613: result: g++ -E
configure:12633: g++ -E  conftest.cpp
configure:12633: $? = 0
configure:12647: g++ -E  conftest.cpp
conftest.cpp:23:10: fatal error: ac_nonexistent.h: No such file or directory
 #include <ac_nonexistent.h>
          ^~~~~~~~~~~~~~~~~~
compilation terminated.
configure:12647: $? = 1
configure: failed program was:
| /* confdefs.h */
| #define PACKAGE_NAME "anaroot"
| #define PACKAGE_TARNAME "anaroot"
| #define PACKAGE_VERSION "4.5.38"
| #define PACKAGE_STRING "anaroot 4.5.38"
| #define PACKAGE_BUGREPORT "isobe@riken.jp"
| #define PACKAGE_URL ""
| #define PACKAGE "anaroot"
| #define VERSION "4.5.38"
| #define STDC_HEADERS 1
| #define HAVE_SYS_TYPES_H 1
| #define HAVE_SYS_STAT_H 1
| #define HAVE_STDLIB_H 1
| #define HAVE_STRING_H 1
| #define HAVE_MEMORY_H 1
| #define HAVE_STRINGS_H 1
| #define HAVE_INTTYPES_H 1
| #define HAVE_STDINT_H 1
| #define HAVE_UNISTD_H 1
| #define HAVE_DLFCN_H 1
| #define LT_OBJDIR ".libs/"
| /* end confdefs.h.  */
| #include <ac_nonexistent.h>
configure:12809: checking for ld used by g++
configure:12876: result: /usr/bin/ld -m elf_x86_64
configure:12883: checking if the linker (/usr/bin/ld -m elf_x86_64) is GNU ld
configure:12898: result: yes
configure:12953: checking whether the g++ linker (/usr/bin/ld -m elf_x86_64) supports shared libraries
configure:14026: result: yes
configure:14062: g++ -c -g -O2  conftest.cpp >&5
configure:14065: $? = 0
configure:14546: checking for g++ option to produce PIC
configure:14553: result: -fPIC -DPIC
configure:14561: checking if g++ PIC flag -fPIC -DPIC works
configure:14579: g++ -c -g -O2  -fPIC -DPIC -DPIC conftest.cpp >&5
configure:14583: $? = 0
configure:14596: result: yes
configure:14619: checking if g++ static flag -static works
configure:14647: result: no
configure:14659: checking if g++ supports -c -o file.o
configure:14680: g++ -c -g -O2  -o out/conftest2.o conftest.cpp >&5
configure:14684: $? = 0
configure:14706: result: yes
configure:14711: checking if g++ supports -c -o file.o
configure:14758: result: yes
configure:14788: checking whether the g++ linker (/usr/bin/ld -m elf_x86_64) supports shared libraries
configure:14828: result: yes
configure:14969: checking dynamic linker characteristics
configure:15717: result: GNU/Linux ld.so
configure:15782: checking how to hardcode library paths into programs
configure:15807: result: immediate
configure:15959: checking for C compiler version
configure:15968: gcc --version >&5
gcc (GCC) 8.5.0 20210514 (Red Hat 8.5.0-10)
Copyright (C) 2018 Free Software Foundation, Inc.
This is free software; see the source for copying conditions.  There is NO
warranty; not even for MERCHANTABILITY or FITNESS FOR A PARTICULAR PURPOSE.

configure:15979: $? = 0
configure:15968: gcc -v >&5
Using built-in specs.
COLLECT_GCC=gcc
COLLECT_LTO_WRAPPER=/usr/libexec/gcc/x86_64-redhat-linux/8/lto-wrapper
OFFLOAD_TARGET_NAMES=nvptx-none
OFFLOAD_TARGET_DEFAULT=1
Target: x86_64-redhat-linux
Configured with: ../configure --enable-bootstrap --enable-languages=c,c++,fortran,lto --prefix=/usr --mandir=/usr/share/man --infodir=/usr/share/info --with-bugurl=http://bugs.almalinux.org/ --enable-shared --enable-threads=posix --enable-checking=release --enable-multilib --with-system-zlib --enable-__cxa_atexit --disable-libunwind-exceptions --enable-gnu-unique-object --enable-linker-build-id --with-gcc-major-version-only --with-linker-hash-style=gnu --enable-plugin --enable-initfini-array --with-isl --disable-libmpx --enable-offload-targets=nvptx-none --without-cuda-driver --enable-gnu-indirect-function --enable-cet --with-tune=generic --with-arch_32=x86-64 --build=x86_64-redhat-linux
Thread model: posix
gcc version 8.5.0 20210514 (Red Hat 8.5.0-10) (GCC) 
configure:15979: $? = 0
configure:15968: gcc -V >&5
gcc: error: unrecognized command line option '-V'
gcc: fatal error: no input files
compilation terminated.
configure:15979: $? = 1
configure:15968: gcc -qversion >&5
gcc: error: unrecognized command line option '-qversion'; did you mean '--version'?
gcc: fatal error: no input files
compilation terminated.
configure:15979: $? = 1
configure:15983: checking whether we are using the GNU C compiler
configure:16011: result: yes
configure:16020: checking whether gcc accepts -g
configure:16081: result: yes
configure:16098: checking for gcc option to accept ISO C89
configure:16174: result: none needed
configure:16199: checking whether gcc understands -c and -o together
configure:16236: result: yes
configure:16255: checking dependency style of gcc
configure:16366: result: gcc3
configure:16424: checking for ranlib
configure:16451: result: ranlib
configure:16475: checking for ANSI C header files
configure:16579: result: yes
configure:16590: checking limits.h usability
configure:16590: gcc -c -g -O2  conftest.c >&5
configure:16590: $? = 0
configure:16590: result: yes
configure:16590: checking limits.h presence
configure:16590: gcc -E  conftest.c
configure:16590: $? = 0
configure:16590: result: yes
configure:16590: checking for limits.h
configure:16590: result: yes
configure:16590: checking for stdlib.h
configure:16590: result: yes
configure:16590: checking for string.h
configure:16590: result: yes
configure:16590: checking for strings.h
configure:16590: result: yes
configure:16590: checking for unistd.h
configure:16590: result: yes
configure:16612: checking for stdbool.h that conforms to C99
configure:16679: gcc -c -g -O2  conftest.c >&5
configure:16679: $? = 0
configure:16686: result: yes
configure:16688: checking for _Bool
configure:16688: gcc -c -g -O2  conftest.c >&5
configure:16688: $? = 0
configure:16688: gcc -c -g -O2  conftest.c >&5
conftest.c: In function 'main':
conftest.c:65:20: error: expected expression before ')' token
 if (sizeof ((_Bool)))
                    ^
configure:16688: $? = 1
configure: failed program was:
| /* confdefs.h */
| #define PACKAGE_NAME "anaroot"
| #define PACKAGE_TARNAME "anaroot"
| #define PACKAGE_VERSION "4.5.38"
| #define PACKAGE_STRING "anaroot 4.5.38"
| #define PACKAGE_BUGREPORT "isobe@riken.jp"
| #define PACKAGE_URL ""
| #define PACKAGE "anaroot"
| #define VERSION "4.5.38"
| #define STDC_HEADERS 1
| #define HAVE_SYS_TYPES_H 1
| #define HAVE_SYS_STAT_H 1
| #define HAVE_STDLIB_H 1
| #define HAVE_STRING_H 1
| #define HAVE_MEMORY_H 1
| #define HAVE_STRINGS_H 1
| #define HAVE_INTTYPES_H 1
| #define HAVE_STDINT_H 1
| #define HAVE_UNISTD_H 1
| #define HAVE_DLFCN_H 1
| #define LT_OBJDIR ".libs/"
| #define STDC_HEADERS 1
| #define HAVE_LIMITS_H 1
| #define HAVE_STDLIB_H 1
| #define HAVE_STRING_H 1
| #define HAVE_STRINGS_H 1
| #define HAVE_UNISTD_H 1
| /* end confdefs.h.  */
| #include <stdio.h>
| #ifdef HAVE_SYS_TYPES_H
| # include <sys/types.h>
| #endif
| #ifdef HAVE_SYS_STAT_H
| # include <sys/stat.h>
| #endif
| #ifdef STDC_HEADERS
| # include <stdlib.h>
| # include <stddef.h>
| #else
| # ifdef HAVE_STDLIB_H
| #  include <stdlib.h>
| # endif
| #endif
| #ifdef HAVE_STRING_H
| # if !defined STDC_HEADERS && defined HAVE_MEMORY_H
| #  include <memory.h>
| # endif
| # include <string.h>
| #endif
| #ifdef HAVE_STRINGS_H
| # include <strings.h>
| #endif
| #ifdef HAVE_INTTYPES_H
| # include <inttypes.h>
| #endif
| #ifdef HAVE_STDINT_H
| # include <stdint.h>
| #endif
| #ifdef HAVE_UNISTD_H
| # include <unistd.h>
| #endif
| int
| main ()
| {
| if (sizeof ((_Bool)))
| 	    return 0;
|   ;
|   return 0;
| }
configure:16688: result: yes
configure:16705: checking for an ANSI C-conforming const
configure:16771: gcc -c -g -O2  conftest.c >&5
configure:16771: $? = 0
configure:16778: result: yes
configure:16786: checking for inline
configure:16802: gcc -c -g -O2  conftest.c >&5
configure:16802: $? = 0
configure:16810: result: inline
configure:17077: checking for stdlib.h
configure:17077: result: yes
configure:17087: checking for GNU libc compatible malloc
configure:17111: gcc -o conftest -g -O2   conftest.c  >&5
configure:17111: $? = 0
configure:17111: ./conftest
configure:17111: $? = 0
configure:17121: result: yes
configure:17142: checking whether lstat correctly handles trailing slash
configure:17168: gcc -o conftest -g -O2   conftest.c  >&5
configure:17168: $? = 0
configure:17168: ./conftest
configure:17168: $? = 0
configure:17185: result: yes
configure:17204: checking whether stat accepts an empty string
configure:17224: gcc -o conftest -g -O2   conftest.c  >&5
configure:17224: $? = 0
configure:17224: ./conftest
configure:17224: $? = 0
configure:17234: result: no
configure:17252: checking for vprintf
configure:17252: gcc -o conftest -g -O2   conftest.c  >&5
conftest.c:57:6: warning: conflicting types for built-in function 'vprintf' [-Wbuiltin-declaration-mismatch]
 char vprintf ();
      ^~~~~~~
configure:17252: $? = 0
configure:17252: result: yes
configure:17258: checking for _doprnt
configure:17258: gcc -o conftest -g -O2   conftest.c  >&5
/tmp/ccpJwV3e.o: In function `main':
/home/quser/src/anaroot/conftest.c:69: undefined reference to `_doprnt'
collect2: error: ld returned 1 exit status
configure:17258: $? = 1
configure: failed program was:
| /* confdefs.h */
| #define PACKAGE_NAME "anaroot"
| #define PACKAGE_TARNAME "anaroot"
| #define PACKAGE_VERSION "4.5.38"
| #define PACKAGE_STRING "anaroot 4.5.38"
| #define PACKAGE_BUGREPORT "isobe@riken.jp"
| #define PACKAGE_URL ""
| #define PACKAGE "anaroot"
| #define VERSION "4.5.38"
| #define STDC_HEADERS 1
| #define HAVE_SYS_TYPES_H 1
| #define HAVE_SYS_STAT_H 1
| #define HAVE_STDLIB_H 1
| #define HAVE_STRING_H 1
| #define HAVE_MEMORY_H 1
| #define HAVE_STRINGS_H 1
| #define HAVE_INTTYPES_H 1
| #define HAVE_STDINT_H 1
| #define HAVE_UNISTD_H 1
| #define HAVE_DLFCN_H 1
| #define LT_OBJDIR ".libs/"
| #define STDC_HEADERS 1
| #define HAVE_LIMITS_H 1
| #define HAVE_STDLIB_H 1
| #define HAVE_STRING_H 1
| #define HAVE_STRINGS_H 1
| #define HAVE_UNISTD_H 1
| #define HAVE__BOOL 1
| #define HAVE_STDBOOL_H 1
| #define HAVE_STDLIB_H 1
| #define HAVE_MALLOC 1
| #define LSTAT_FOLLOWS_SLASHED_SYMLINK 1
| #define HAVE_VPRINTF 1
| /* end confdefs.h.  */
| /* Define _doprnt to an innocuous variant, in case <limits.h> declares _doprnt.
|    For example, HP-UX 11i <limits.h> declares gettimeofday.  */
| #define _doprnt innocuous__doprnt
| 
| /* System header to define __stub macros and hopefully few prototypes,
|     which can conflict with char _doprnt (); below.
|     Prefer <limits.h> to <assert.h> if __STDC__ is defined, since
|     <limits.h> exists even on freestanding compilers.  */
| 
| #ifdef __STDC__
| # include <limits.h>
| #else
| # include <assert.h>
| #endif
| 
| #undef _doprnt
| 
| /* Override any GCC internal prototype to avoid an error.
|    Use char because int might match the return type of a GCC
|    builtin and then its argument prototype would still apply.  */
| #ifdef __cplusplus
| extern "C"
| #endif
| char _doprnt ();
| /* The GNU C library defines this for functions which it implements
|     to always fail with ENOSYS.  Some functions are actually named
|     something starting with __ and the normal name is an alias.  */
| #if defined __stub__doprnt || defined __stub____doprnt
| choke me
| #endif
| 
| int
| main ()
| {
| return _doprnt ();
|   ;
|   return 0;
| }
configure:17258: result: no
configure:17272: checking for bzero
configure:17272: gcc -o conftest -g -O2   conftest.c  >&5
conftest.c:58:6: warning: conflicting types for built-in function 'bzero' [-Wbuiltin-declaration-mismatch]
 char bzero ();
      ^~~~~
configure:17272: $? = 0
configure:17272: result: yes
configure:17272: checking for memset
configure:17272: gcc -o conftest -g -O2   conftest.c  >&5
conftest.c:59:6: warning: conflicting types for built-in function 'memset' [-Wbuiltin-declaration-mismatch]
 char memset ();
      ^~~~~~
configure:17272: $? = 0
configure:17272: result: yes
configure:17272: checking for strpbrk
configure:17272: gcc -o conftest -g -O2   conftest.c  >&5
conftest.c:60:6: warning: conflicting types for built-in function 'strpbrk' [-Wbuiltin-declaration-mismatch]
 char strpbrk ();
      ^~~~~~~
configure:17272: $? = 0
configure:17272: result: yes
configure:17272: checking for strtol
configure:17272: gcc -o conftest -g -O2   conftest.c  >&5
configure:17272: $? = 0
configure:17272: result: yes
configure:17429: checking that generated files are newer than configure
configure:17435: result: done
configure:17470: creating ./config.status

## ---------------------- ##
## Running config.status. ##
## ---------------------- ##

This file was extended by anaroot config.status 4.5.38, which was
generated by GNU Autoconf 2.69.  Invocation command line was

  CONFIG_FILES    = 
  CONFIG_HEADERS  = 
  CONFIG_LINKS    = 
  CONFIG_COMMANDS = 
  $ ./config.status 

on nhdaq500

config.status:1097: creating Makefile
config.status:1097: creating sources/Makefile
config.status:1097: creating sources/Core/Makefile
config.status:1097: creating sources/Nadeko/Makefile
config.status:1097: creating sources/AnaLoop/Makefile
config.status:1097: creating sources/AnaLoop/Core/Makefile
config.status:1097: creating sources/AnaLoop/Example/Makefile
config.status:1097: creating sources/AnaLoop/EncExample/Makefile
config.status:1097: creating sources/Reconstruction/Makefile
config.status:1097: creating sources/Reconstruction/BigRIPS/Makefile
config.status:1097: creating sources/Reconstruction/SAMURAI/Makefile
config.status:1097: creating sources/Reconstruction/MINOS/Makefile
config.status:1097: creating sources/Reconstruction/WINDS/Makefile
config.status:1097: creating sources/Reconstruction/SILICONS/Makefile
config.status:1097: creating sources/Reconstruction/ESPRI/Makefile
config.status:1097: creating sources/Reconstruction/CATANA/Makefile
config.status:1097: creating sources/Reconstruction/DALI/Makefile
config.status:1269: executing depfiles commands
config.status:1346: cd sources/Core       && sed -e '/# am--include-marker/d' Makefile         | make -f - am--depfiles
make: Nothing to be done for 'am--depfiles'.
config.status:1351: $? = 0
config.status:1346: cd sources/Nadeko       && sed -e '/# am--include-marker/d' Makefile         | make -f - am--depfiles
make: Nothing to be done for 'am--depfiles'.
config.status:1351: $? = 0
config.status:1346: cd sources/AnaLoop/Core       && sed -e '/# am--include-marker/d' Makefile         | make -f - am--depfiles
make: Nothing to be done for 'am--depfiles'.
config.status:1351: $? = 0
config.status:1346: cd sources/AnaLoop/Example       && sed -e '/# am--include-marker/d' Makefile         | make -f - am--depfiles
make: Nothing to be done for 'am--depfiles'.
config.status:1351: $? = 0
config.status:1346: cd sources/AnaLoop/EncExample       && sed -e '/# am--include-marker/d' Makefile         | make -f - am--depfiles
make: Nothing to be done for 'am--depfiles'.
config.status:1351: $? = 0
config.status:1346: cd sources/Reconstruction/BigRIPS       && sed -e '/# am--include-marker/d' Makefile         | make -f - am--depfiles
make: Nothing to be done for 'am--depfiles'.
config.status:1351: $? = 0
config.status:1346: cd sources/Reconstruction/SAMURAI       && sed -e '/# am--include-marker/d' Makefile         | make -f - am--depfiles
make: Nothing to be done for 'am--depfiles'.
config.status:1351: $? = 0
config.status:1346: cd sources/Reconstruction/MINOS       && sed -e '/# am--include-marker/d' Makefile         | make -f - am--depfiles
make: Nothing to be done for 'am--depfiles'.
config.status:1351: $? = 0
config.status:1346: cd sources/Reconstruction/WINDS       && sed -e '/# am--include-marker/d' Makefile         | make -f - am--depfiles
make: Nothing to be done for 'am--depfiles'.
config.status:1351: $? = 0
config.status:1346: cd sources/Reconstruction/SILICONS       && sed -e '/# am--include-marker/d' Makefile         | make -f - am--depfiles
make: Nothing to be done for 'am--depfiles'.
config.status:1351: $? = 0
config.status:1346: cd sources/Reconstruction/ESPRI       && sed -e '/# am--include-marker/d' Makefile         | make -f - am--depfiles
make: Nothing to be done for 'am--depfiles'.
config.status:1351: $? = 0
config.status:1346: cd sources/Reconstruction/CATANA       && sed -e '/# am--include-marker/d' Makefile         | make -f - am--depfiles
make: Nothing to be done for 'am--depfiles'.
config.status:1351: $? = 0
config.status:1346: cd sources/Reconstruction/DALI       && sed -e '/# am--include-marker/d' Makefile         | make -f - am--depfiles
make: Nothing to be done for 'am--depfiles'.
config.status:1351: $? = 0
config.status:1269: executing libtool commands
configure:19704: WARNING: unrecognized options: --enable-maintainer-mode

## ---------------- ##
## Cache variables. ##
## ---------------- ##

ac_cv_build=x86_64-pc-linux-gnu
ac_cv_c_compiler_gnu=yes
ac_cv_c_const=yes
ac_cv_c_inline=inline
ac_cv_cxx_compiler_gnu=yes
ac_cv_env_CCC_set=
ac_cv_env_CCC_value=
ac_cv_env_CC_set=
ac_cv_env_CC_value=
ac_cv_env_CFLAGS_set=
ac_cv_env_CFLAGS_value=
ac_cv_env_CPPFLAGS_set=
ac_cv_env_CPPFLAGS_value=
ac_cv_env_CPP_set=
ac_cv_env_CPP_value=
ac_cv_env_CXXCPP_set=
ac_cv_env_CXXCPP_value=
ac_cv_env_CXXFLAGS_set=
ac_cv_env_CXXFLAGS_value=
ac_cv_env_CXX_set=
ac_cv_env_CXX_value=
ac_cv_env_LDFLAGS_set=
ac_cv_env_LDFLAGS_value=
ac_cv_env_LIBS_set=
ac_cv_env_LIBS_value=
ac_cv_env_LT_SYS_LIBRARY_PATH_set=
ac_cv_env_LT_SYS_LIBRARY_PATH_value=
ac_cv_env_MINOS_FEM_CFLAGS_set=
ac_cv_env_MINOS_FEM_CFLAGS_value=
ac_cv_env_MINOS_FEM_LIBS_set=
ac_cv_env_MINOS_FEM_LIBS_value=
ac_cv_env_PKG_CONFIG_LIBDIR_set=
ac_cv_env_PKG_CONFIG_LIBDIR_value=
ac_cv_env_PKG_CONFIG_PATH_set=
ac_cv_env_PKG_CONFIG_PATH_value=
ac_cv_env_PKG_CONFIG_set=
ac_cv_env_PKG_CONFIG_value=
ac_cv_env_build_alias_set=
ac_cv_env_build_alias_value=
ac_cv_env_host_alias_set=
ac_cv_env_host_alias_value=
ac_cv_env_target_alias_set=
ac_cv_env_target_alias_value=
ac_cv_func__doprnt=no
ac_cv_func_bzero=yes
ac_cv_func_lstat_dereferences_slashed_symlink=yes
ac_cv_func_malloc_0_nonnull=yes
ac_cv_func_memset=yes
ac_cv_func_stat_empty_string_bug=no
ac_cv_func_strpbrk=yes
ac_cv_func_strtol=yes
ac_cv_func_vprintf=yes
ac_cv_header_dlfcn_h=yes
ac_cv_header_inttypes_h=yes
ac_cv_header_limits_h=yes
ac_cv_header_memory_h=yes
ac_cv_header_stdbool_h=yes
ac_cv_header_stdc=yes
ac_cv_header_stdint_h=yes
ac_cv_header_stdlib_h=yes
ac_cv_header_string_h=yes
ac_cv_header_strings_h=yes
ac_cv_header_sys_stat_h=yes
ac_cv_header_sys_types_h=yes
ac_cv_header_unistd_h=yes
ac_cv_host=x86_64-pc-linux-gnu
ac_cv_objext=o
ac_cv_path_EGREP='/usr/bin/grep -E'
ac_cv_path_FGREP='/usr/bin/grep -F'
ac_cv_path_GREP=/usr/bin/grep
ac_cv_path_SED=/usr/bin/sed
ac_cv_path_install='/usr/bin/install -c'
ac_cv_path_lt_DD=/usr/bin/dd
ac_cv_path_mkdir=/usr/bin/mkdir
ac_cv_prog_AWK=gawk
ac_cv_prog_CPP='gcc -E'
ac_cv_prog_CXXCPP='g++ -E'
ac_cv_prog_ac_ct_AR=ar
ac_cv_prog_ac_ct_CC=gcc
ac_cv_prog_ac_ct_CXX=g++
ac_cv_prog_ac_ct_OBJDUMP=objdump
ac_cv_prog_ac_ct_RANLIB=ranlib
ac_cv_prog_ac_ct_STRIP=strip
ac_cv_prog_cc_c89=
ac_cv_prog_cc_g=yes
ac_cv_prog_cxx_g=yes
ac_cv_prog_make_make_set=yes
ac_cv_type__Bool=yes
am_cv_CC_dependencies_compiler_type=gcc3
am_cv_CXX_dependencies_compiler_type=gcc3
am_cv_make_support_nested_variables=yes
am_cv_prog_cc_c_o=yes
lt_cv_ar_at_file=@
lt_cv_archive_cmds_need_lc=no
lt_cv_deplibs_check_method=pass_all
lt_cv_file_magic_cmd='$MAGIC_CMD'
lt_cv_file_magic_test_file=
lt_cv_ld_reload_flag=-r
lt_cv_nm_interface='BSD nm'
lt_cv_objdir=.libs
lt_cv_path_LD=/usr/bin/ld
lt_cv_path_LDCXX='/usr/bin/ld -m elf_x86_64'
lt_cv_path_NM='/usr/bin/nm -B'
lt_cv_path_mainfest_tool=no
lt_cv_prog_compiler_c_o=yes
lt_cv_prog_compiler_c_o_CXX=yes
lt_cv_prog_compiler_pic='-fPIC -DPIC'
lt_cv_prog_compiler_pic_CXX='-fPIC -DPIC'
lt_cv_prog_compiler_pic_works=yes
lt_cv_prog_compiler_pic_works_CXX=yes
lt_cv_prog_compiler_rtti_exceptions=no
lt_cv_prog_compiler_static_works=no
lt_cv_prog_compiler_static_works_CXX=no
lt_cv_prog_gnu_ld=yes
lt_cv_prog_gnu_ldcxx=yes
lt_cv_sharedlib_from_linklib_cmd='printf %s\n'
lt_cv_shlibpath_overrides_runpath=no
lt_cv_sys_global_symbol_pipe='sed -n -e '\''s/^.*[	 ]\([ABCDGIRSTW][ABCDGIRSTW]*\)[	 ][	 ]*\([_A-Za-z][_A-Za-z0-9]*\)$/\1 \2 \2/p'\'' | sed '\''/ __gnu_lto/d'\'''
lt_cv_sys_global_symbol_to_c_name_address='sed -n -e '\''s/^: \(.*\) .*$/  {"\1", (void *) 0},/p'\'' -e '\''s/^[ABCDGIRSTW][ABCDGIRSTW]* .* \(.*\)$/  {"\1", (void *) \&\1},/p'\'''
lt_cv_sys_global_symbol_to_c_name_address_lib_prefix='sed -n -e '\''s/^: \(.*\) .*$/  {"\1", (void *) 0},/p'\'' -e '\''s/^[ABCDGIRSTW][ABCDGIRSTW]* .* \(lib.*\)$/  {"\1", (void *) \&\1},/p'\'' -e '\''s/^[ABCDGIRSTW][ABCDGIRSTW]* .* \(.*\)$/  {"lib\1", (void *) \&\1},/p'\'''
lt_cv_sys_global_symbol_to_cdecl='sed -n -e '\''s/^T .* \(.*\)$/extern int \1();/p'\'' -e '\''s/^[ABCDGIRSTW][ABCDGIRSTW]* .* \(.*\)$/extern char \1;/p'\'''
lt_cv_sys_global_symbol_to_import=
lt_cv_sys_max_cmd_len=1572864
lt_cv_to_host_file_cmd=func_convert_file_noop
lt_cv_to_tool_file_cmd=func_convert_file_noop
lt_cv_truncate_bin='/usr/bin/dd bs=4096 count=1'

## ----------------- ##
## Output variables. ##
## ----------------- ##

ACLOCAL='${SHELL} /home/quser/src/anaroot/missing aclocal-1.16'
AMDEPBACKSLASH='\'
AMDEP_FALSE='#'
AMDEP_TRUE=''
AMTAR='$${TAR-tar}'
AM_BACKSLASH='\'
AM_DEFAULT_V='$(AM_DEFAULT_VERBOSITY)'
AM_DEFAULT_VERBOSITY='1'
AM_V='$(V)'
AR='ar'
AUTOCONF='${SHELL} /home/quser/src/anaroot/missing autoconf'
AUTOHEADER='${SHELL} /home/quser/src/anaroot/missing autoheader'
AUTOMAKE='${SHELL} /home/quser/src/anaroot/missing automake-1.16'
AWK='gawk'
CC='gcc'
CCDEPMODE='depmode=gcc3'
CFLAGS='-g -O2'
CPP='gcc -E'
CPPFLAGS=''
CXX='g++'
CXXCPP='g++ -E'
CXXDEPMODE='depmode=gcc3'
CXXFLAGS='-g -O2'
CYGPATH_W='echo'
DEFS='-DPACKAGE_NAME=\"anaroot\" -DPACKAGE_TARNAME=\"anaroot\" -DPACKAGE_VERSION=\"4.5.38\" -DPACKAGE_STRING=\"anaroot\ 4.5.38\" -DPACKAGE_BUGREPORT=\"isobe@riken.jp\" -DPACKAGE_URL=\"\" -DPACKAGE=\"anaroot\" -DVERSION=\"4.5.38\" -DSTDC_HEADERS=1 -DHAVE_SYS_TYPES_H=1 -DHAVE_SYS_STAT_H=1 -DHAVE_STDLIB_H=1 -DHAVE_STRING_H=1 -DHAVE_MEMORY_H=1 -DHAVE_STRINGS_H=1 -DHAVE_INTTYPES_H=1 -DHAVE_STDINT_H=1 -DHAVE_UNISTD_H=1 -DHAVE_DLFCN_H=1 -DLT_OBJDIR=\".libs/\" -DSTDC_HEADERS=1 -DHAVE_LIMITS_H=1 -DHAVE_STDLIB_H=1 -DHAVE_STRING_H=1 -DHAVE_STRINGS_H=1 -DHAVE_UNISTD_H=1 -DHAVE__BOOL=1 -DHAVE_STDBOOL_H=1 -DHAVE_STDLIB_H=1 -DHAVE_MALLOC=1 -DLSTAT_FOLLOWS_SLASHED_SYMLINK=1 -DHAVE_VPRINTF=1 -DHAVE_BZERO=1 -DHAVE_MEMSET=1 -DHAVE_STRPBRK=1 -DHAVE_STRTOL=1'
DEPDIR='.deps'
DLLTOOL='false'
DSYMUTIL=''
DUMPBIN=''
ECHO_C=''
ECHO_N='-n'
ECHO_T=''
EGREP='/usr/bin/grep -E'
EXEEXT=''
FGREP='/usr/bin/grep -F'
GREP='/usr/bin/grep'
INSTALL_DATA='${INSTALL} -m 644'
INSTALL_PROGRAM='${INSTALL}'
INSTALL_SCRIPT='${INSTALL}'
INSTALL_STRIP_PROGRAM='$(install_sh) -c -s'
LD='/usr/bin/ld -m elf_x86_64'
LDFLAGS=''
LIBOBJS=''
LIBS=''
LIBTOOL='$(SHELL) $(top_builddir)/libtool'
LIPO=''
LN_S='ln -s'
LTLIBOBJS=''
LT_SYS_LIBRARY_PATH=''
MAKEINFO='${SHELL} /home/quser/src/anaroot/missing makeinfo'
MANIFEST_TOOL=':'
MINOS_FEM_CFLAGS=''
MINOS_FEM_LIBS=''
MKDIR_P='/usr/bin/mkdir -p'
NM='/usr/bin/nm -B'
NMEDIT=''
OBJDUMP='objdump'
OBJEXT='o'
OTOOL64=''
OTOOL=''
PACKAGE='anaroot'
PACKAGE_BUGREPORT='isobe@riken.jp'
PACKAGE_NAME='anaroot'
PACKAGE_STRING='anaroot 4.5.38'
PACKAGE_TARNAME='anaroot'
PACKAGE_URL=''
PACKAGE_VERSION='4.5.38'
PATH_SEPARATOR=':'
PKG_CONFIG=''
PKG_CONFIG_LIBDIR=''
PKG_CONFIG_PATH=''
RANLIB='ranlib'
ROOTLIBS='-L/opt/root_6.16.0/lib -lGui -lCore -lImt -lRIO -lNet -lHist -lGraf -lGraf3d -lGpad -lROOTVecOps -lTree -lTreePlayer -lRint -lPostscript -lMatrix -lPhysics -lMathCore -lThread -lMultiProc -lROOTDataFrame -pthread -lm -ldl -rdynamic'
SED='/usr/bin/sed'
SET_MAKE=''
SHELL='/bin/sh'
STRIP='strip'
USE_MINOS_FALSE=''
USE_MINOS_TRUE='#'
VERSION='4.5.38'
X11DIR='/usr/lib64'
ac_ct_AR='ar'
ac_ct_CC='gcc'
ac_ct_CXX='g++'
ac_ct_DUMPBIN=''
am__EXEEXT_FALSE=''
am__EXEEXT_TRUE='#'
am__fastdepCC_FALSE='#'
am__fastdepCC_TRUE=''
am__fastdepCXX_FALSE='#'
am__fastdepCXX_TRUE=''
am__include='include'
am__isrc=''
am__leading_dot='.'
am__nodep='_no'
am__quote=''
am__tar='$${TAR-tar} chof - "$$tardir"'
am__untar='$${TAR-tar} xf -'
bindir='${exec_prefix}/bin'
build='x86_64-pc-linux-gnu'
build_alias=''
build_cpu='x86_64'
build_os='linux-gnu'
build_vendor='pc'
datadir='${datarootdir}'
datarootdir='${prefix}/share'
docdir='${datarootdir}/doc/${PACKAGE_TARNAME}'
dvidir='${docdir}'
exec_prefix='${prefix}'
host='x86_64-pc-linux-gnu'
host_alias=''
host_cpu='x86_64'
host_os='linux-gnu'
host_vendor='pc'
htmldir='${docdir}'
includedir='${prefix}/include'
infodir='${datarootdir}/info'
install_sh='${SHELL} /home/quser/src/anaroot/install-sh'
libdir='${exec_prefix}/lib'
libexecdir='${exec_prefix}/libexec'
localedir='${datarootdir}/locale'
localstatedir='${prefix}/var'
mandir='${datarootdir}/man'
mkdir_p='$(MKDIR_P)'
oldincludedir='/usr/include'
pdfdir='${docdir}'
prefix='/opt/anaroot'
program_transform_name='s,x,x,'
psdir='${docdir}'
sbindir='${exec_prefix}/sbin'
sharedstatedir='${prefix}/com'
sysconfdir='${prefix}/etc'
target_alias=''

## ----------- ##
## confdefs.h. ##
## ----------- ##

/* confdefs.h */
#define PACKAGE_NAME "anaroot"
#define PACKAGE_TARNAME "anaroot"
#define PACKAGE_VERSION "4.5.38"
#define PACKAGE_STRING "anaroot 4.5.38"
#define PACKAGE_BUGREPORT "isobe@riken.jp"
#define PACKAGE_URL ""
#define PACKAGE "anaroot"
#define VERSION "4.5.38"
#define STDC_HEADERS 1
#define HAVE_SYS_TYPES_H 1
#define HAVE_SYS_STAT_H 1
#define HAVE_STDLIB_H 1
#define HAVE_STRING_H 1
#define HAVE_MEMORY_H 1
#define HAVE_STRINGS_H 1
#define HAVE_INTTYPES_H 1
#define HAVE_STDINT_H 1
#define HAVE_UNISTD_H 1
#define HAVE_DLFCN_H 1
#define LT_OBJDIR ".libs/"
#define STDC_HEADERS 1
#define HAVE_LIMITS_H 1
#define HAVE_STDLIB_H 1
#define HAVE_STRING_H 1
#define HAVE_STRINGS_H 1
#define HAVE_UNISTD_H 1
#define HAVE__BOOL 1
#define HAVE_STDBOOL_H 1
#define HAVE_STDLIB_H 1
#define HAVE_MALLOC 1
#define LSTAT_FOLLOWS_SLASHED_SYMLINK 1
#define HAVE_VPRINTF 1
#define HAVE_BZERO 1
#define HAVE_MEMSET 1
#define HAVE_STRPBRK 1
#define HAVE_STRTOL 1

configure: exit 0
