Making all in sources
make[1]: Entering directory '/home/quser/src/anaroot/sources'
Making all in Core
make[2]: Entering directory '/home/quser/src/anaroot/sources/Core'
g++ -fPIC -Iinclude -pthread -std=c++11 -m64 -I/opt/root_6.16.0/include -D_LARGEFILE_SOURCE -D_FILE_OFFSET_BITS=64    -c -o src/TArtStreamingDataSource.o src/TArtStreamingDataSource.cc
g++ -fPIC -Iinclude -pthread -std=c++11 -m64 -I/opt/root_6.16.0/include -D_LARGEFILE_SOURCE -D_FILE_OFFSET_BITS=64    -c -o src/TArtDecoderFixed16.o src/TArtDecoderFixed16.cc
g++ -fPIC -Iinclude -pthread -std=c++11 -m64 -I/opt/root_6.16.0/include -D_LARGEFILE_SOURCE -D_FILE_OFFSET_BITS=64    -c -o src/TArtDecoderLUPO.o src/TArtDecoderLUPO.cc
g++ -fPIC -Iinclude -pthread -std=c++11 -m64 -I/opt/root_6.16.0/include -D_LARGEFILE_SOURCE -D_FILE_OFFSET_BITS=64    -c -o src/TArtDecoderAMTTDC.o src/TArtDecoderAMTTDC.cc
g++ -fPIC -Iinclude -pthread -std=c++11 -m64 -I/opt/root_6.16.0/include -D_LARGEFILE_SOURCE -D_FILE_OFFSET_BITS=64    -c -o src/TArtDecoderV1740.o src/TArtDecoderV1740.cc
g++ -fPIC -Iinclude -pthread -std=c++11 -m64 -I/opt/root_6.16.0/include -D_LARGEFILE_SOURCE -D_FILE_OFFSET_BITS=64    -c -o src/TArtDecoderHINP.o src/TArtDecoderHINP.cc
g++ -fPIC -Iinclude -pthread -std=c++11 -m64 -I/opt/root_6.16.0/include -D_LARGEFILE_SOURCE -D_FILE_OFFSET_BITS=64    -c -o src/TArtRawDataObject.o src/TArtRawDataObject.cc
g++ -fPIC -Iinclude -pthread -std=c++11 -m64 -I/opt/root_6.16.0/include -D_LARGEFILE_SOURCE -D_FILE_OFFSET_BITS=64    -c -o src/TArtSemaphore.o src/TArtSemaphore.cc
g++ -fPIC -Iinclude -pthread -std=c++11 -m64 -I/opt/root_6.16.0/include -D_LARGEFILE_SOURCE -D_FILE_OFFSET_BITS=64    -c -o src/TArtStoreManager.o src/TArtStoreManager.cc
g++ -fPIC -Iinclude -pthread -std=c++11 -m64 -I/opt/root_6.16.0/include -D_LARGEFILE_SOURCE -D_FILE_OFFSET_BITS=64    -c -o src/TArtRawScalerObject.o src/TArtRawScalerObject.cc
g++ -fPIC -Iinclude -pthread -std=c++11 -m64 -I/opt/root_6.16.0/include -D_LARGEFILE_SOURCE -D_FILE_OFFSET_BITS=64    -c -o src/TArtDecoderV1190C.o src/TArtDecoderV1190C.cc
g++ -fPIC -Iinclude -pthread -std=c++11 -m64 -I/opt/root_6.16.0/include -D_LARGEFILE_SOURCE -D_FILE_OFFSET_BITS=64    -c -o src/TArtDecoderMDPP16.o src/TArtDecoderMDPP16.cc
g++ -fPIC -Iinclude -pthread -std=c++11 -m64 -I/opt/root_6.16.0/include -D_LARGEFILE_SOURCE -D_FILE_OFFSET_BITS=64    -c -o src/TArtCore.o src/TArtCore.cc
g++ -fPIC -Iinclude -pthread -std=c++11 -m64 -I/opt/root_6.16.0/include -D_LARGEFILE_SOURCE -D_FILE_OFFSET_BITS=64    -c -o src/TArtEventStore.o src/TArtEventStore.cc
g++ -fPIC -Iinclude -pthread -std=c++11 -m64 -I/opt/root_6.16.0/include -D_LARGEFILE_SOURCE -D_FILE_OFFSET_BITS=64    -c -o src/TArtDecoderMQDC32.o src/TArtDecoderMQDC32.cc
g++ -fPIC -Iinclude -pthread -std=c++11 -m64 -I/opt/root_6.16.0/include -D_LARGEFILE_SOURCE -D_FILE_OFFSET_BITS=64    -c -o src/TArtMath.o src/TArtMath.cc
g++ -fPIC -Iinclude -pthread -std=c++11 -m64 -I/opt/root_6.16.0/include -D_LARGEFILE_SOURCE -D_FILE_OFFSET_BITS=64    -c -o src/TArtDecoderFixed32.o src/TArtDecoderFixed32.cc
g++ -fPIC -Iinclude -pthread -std=c++11 -m64 -I/opt/root_6.16.0/include -D_LARGEFILE_SOURCE -D_FILE_OFFSET_BITS=64    -c -o src/TArtRawSegmentObject.o src/TArtRawSegmentObject.cc
g++ -fPIC -Iinclude -pthread -std=c++11 -m64 -I/opt/root_6.16.0/include -D_LARGEFILE_SOURCE -D_FILE_OFFSET_BITS=64    -c -o src/TArtParserFactory.o src/TArtParserFactory.cc
g++ -fPIC -Iinclude -pthread -std=c++11 -m64 -I/opt/root_6.16.0/include -D_LARGEFILE_SOURCE -D_FILE_OFFSET_BITS=64    -c -o src/TArtDecoderV2740NOTDivided.o src/TArtDecoderV2740NOTDivided.cc
g++ -fPIC -Iinclude -pthread -std=c++11 -m64 -I/opt/root_6.16.0/include -D_LARGEFILE_SOURCE -D_FILE_OFFSET_BITS=64    -c -o src/TArtDecoderMADC32.o src/TArtDecoderMADC32.cc
g++ -fPIC -Iinclude -pthread -std=c++11 -m64 -I/opt/root_6.16.0/include -D_LARGEFILE_SOURCE -D_FILE_OFFSET_BITS=64    -c -o src/TArtDecoderFactory.o src/TArtDecoderFactory.cc
g++ -fPIC -Iinclude -pthread -std=c++11 -m64 -I/opt/root_6.16.0/include -D_LARGEFILE_SOURCE -D_FILE_OFFSET_BITS=64    -c -o src/TArtDecoderV1290.o src/TArtDecoderV1290.cc
g++ -fPIC -Iinclude -pthread -std=c++11 -m64 -I/opt/root_6.16.0/include -D_LARGEFILE_SOURCE -D_FILE_OFFSET_BITS=64    -c -o src/TArtDecoderA3400.o src/TArtDecoderA3400.cc
g++ -fPIC -Iinclude -pthread -std=c++11 -m64 -I/opt/root_6.16.0/include -D_LARGEFILE_SOURCE -D_FILE_OFFSET_BITS=64    -c -o src/TArtDecoderP716XZ.o src/TArtDecoderP716XZ.cc
g++ -fPIC -Iinclude -pthread -std=c++11 -m64 -I/opt/root_6.16.0/include -D_LARGEFILE_SOURCE -D_FILE_OFFSET_BITS=64    -c -o src/TArtRawV2740DataObject.o src/TArtRawV2740DataObject.cc
g++ -fPIC -Iinclude -pthread -std=c++11 -m64 -I/opt/root_6.16.0/include -D_LARGEFILE_SOURCE -D_FILE_OFFSET_BITS=64    -c -o src/TArtRawEventObject.o src/TArtRawEventObject.cc
g++ -fPIC -Iinclude -pthread -std=c++11 -m64 -I/opt/root_6.16.0/include -D_LARGEFILE_SOURCE -D_FILE_OFFSET_BITS=64    -c -o src/TArtDecoderSIS3301.o src/TArtDecoderSIS3301.cc
g++ -fPIC -Iinclude -pthread -std=c++11 -m64 -I/opt/root_6.16.0/include -D_LARGEFILE_SOURCE -D_FILE_OFFSET_BITS=64    -c -o src/TArtDecoderFixed24.o src/TArtDecoderFixed24.cc
g++ -fPIC -Iinclude -pthread -std=c++11 -m64 -I/opt/root_6.16.0/include -D_LARGEFILE_SOURCE -D_FILE_OFFSET_BITS=64    -c -o src/TArtParserRDF.o src/TArtParserRDF.cc
g++ -fPIC -Iinclude -pthread -std=c++11 -m64 -I/opt/root_6.16.0/include -D_LARGEFILE_SOURCE -D_FILE_OFFSET_BITS=64    -c -o src/TArtDecoderV550.o src/TArtDecoderV550.cc
g++ -fPIC -Iinclude -pthread -std=c++11 -m64 -I/opt/root_6.16.0/include -D_LARGEFILE_SOURCE -D_FILE_OFFSET_BITS=64    -c -o src/TArtDecoderV1190.o src/TArtDecoderV1190.cc
g++ -fPIC -Iinclude -pthread -std=c++11 -m64 -I/opt/root_6.16.0/include -D_LARGEFILE_SOURCE -D_FILE_OFFSET_BITS=64    -c -o src/TArtDecoderDSP.o src/TArtDecoderDSP.cc
g++ -fPIC -Iinclude -pthread -std=c++11 -m64 -I/opt/root_6.16.0/include -D_LARGEFILE_SOURCE -D_FILE_OFFSET_BITS=64    -c -o src/TArtDecoderP716X.o src/TArtDecoderP716X.cc
g++ -fPIC -Iinclude -pthread -std=c++11 -m64 -I/opt/root_6.16.0/include -D_LARGEFILE_SOURCE -D_FILE_OFFSET_BITS=64    -c -o src/TArtFileDataSource.o src/TArtFileDataSource.cc
g++ -fPIC -Iinclude -pthread -std=c++11 -m64 -I/opt/root_6.16.0/include -D_LARGEFILE_SOURCE -D_FILE_OFFSET_BITS=64    -c -o src/TArtDecoderTacquila.o src/TArtDecoderTacquila.cc
g++ -fPIC -Iinclude -pthread -std=c++11 -m64 -I/opt/root_6.16.0/include -D_LARGEFILE_SOURCE -D_FILE_OFFSET_BITS=64    -c -o src/TArtDecoderBigEndianV7XX.o src/TArtDecoderBigEndianV7XX.cc
g++ -fPIC -Iinclude -pthread -std=c++11 -m64 -I/opt/root_6.16.0/include -D_LARGEFILE_SOURCE -D_FILE_OFFSET_BITS=64    -c -o src/TArtDecoderAD413A.o src/TArtDecoderAD413A.cc
g++ -fPIC -Iinclude -pthread -std=c++11 -m64 -I/opt/root_6.16.0/include -D_LARGEFILE_SOURCE -D_FILE_OFFSET_BITS=64    -c -o src/TArtParserRIDF.o src/TArtParserRIDF.cc
g++ -fPIC -Iinclude -pthread -std=c++11 -m64 -I/opt/root_6.16.0/include -D_LARGEFILE_SOURCE -D_FILE_OFFSET_BITS=64    -c -o src/TArtSharedMemoryDataSource.o src/TArtSharedMemoryDataSource.cc
g++ -fPIC -Iinclude -pthread -std=c++11 -m64 -I/opt/root_6.16.0/include -D_LARGEFILE_SOURCE -D_FILE_OFFSET_BITS=64    -c -o src/TArtParser.o src/TArtParser.cc
g++ -fPIC -Iinclude -pthread -std=c++11 -m64 -I/opt/root_6.16.0/include -D_LARGEFILE_SOURCE -D_FILE_OFFSET_BITS=64    -c -o src/TArtDecoderMTDC32.o src/TArtDecoderMTDC32.cc
g++ -fPIC -Iinclude -pthread -std=c++11 -m64 -I/opt/root_6.16.0/include -D_LARGEFILE_SOURCE -D_FILE_OFFSET_BITS=64    -c -o src/TArtDataSource.o src/TArtDataSource.cc
g++ -fPIC -Iinclude -pthread -std=c++11 -m64 -I/opt/root_6.16.0/include -D_LARGEFILE_SOURCE -D_FILE_OFFSET_BITS=64    -c -o src/TArtDecoderV2740.o src/TArtDecoderV2740.cc
g++ -fPIC -Iinclude -pthread -std=c++11 -m64 -I/opt/root_6.16.0/include -D_LARGEFILE_SOURCE -D_FILE_OFFSET_BITS=64    -c -o src/TArtDecoderNeulandTS.o src/TArtDecoderNeulandTS.cc
g++ -fPIC -Iinclude -pthread -std=c++11 -m64 -I/opt/root_6.16.0/include -D_LARGEFILE_SOURCE -D_FILE_OFFSET_BITS=64    -c -o src/TArtSharedMemory.o src/TArtSharedMemory.cc
g++ -fPIC -Iinclude -pthread -std=c++11 -m64 -I/opt/root_6.16.0/include -D_LARGEFILE_SOURCE -D_FILE_OFFSET_BITS=64    -c -o src/TArtDecoderV830.o src/TArtDecoderV830.cc
g++ -fPIC -Iinclude -pthread -std=c++11 -m64 -I/opt/root_6.16.0/include -D_LARGEFILE_SOURCE -D_FILE_OFFSET_BITS=64    -c -o src/TArtDecoderCTM405.o src/TArtDecoderCTM405.cc
g++ -fPIC -Iinclude -pthread -std=c++11 -m64 -I/opt/root_6.16.0/include -D_LARGEFILE_SOURCE -D_FILE_OFFSET_BITS=64    -c -o src/TArtDecoderL3377d.o src/TArtDecoderL3377d.cc
g++ -fPIC -Iinclude -pthread -std=c++11 -m64 -I/opt/root_6.16.0/include -D_LARGEFILE_SOURCE -D_FILE_OFFSET_BITS=64    -c -o src/TArtDecoderV7XX.o src/TArtDecoderV7XX.cc
g++ -fPIC -Iinclude -pthread -std=c++11 -m64 -I/opt/root_6.16.0/include -D_LARGEFILE_SOURCE -D_FILE_OFFSET_BITS=64    -c -o src/TArtDecoderVmeEasyroc.o src/TArtDecoderVmeEasyroc.cc
g++ -fPIC -Iinclude -pthread -std=c++11 -m64 -I/opt/root_6.16.0/include -D_LARGEFILE_SOURCE -D_FILE_OFFSET_BITS=64    -c -o src/TArtUtil.o src/TArtUtil.cc
g++ -fPIC -Iinclude -pthread -std=c++11 -m64 -I/opt/root_6.16.0/include -D_LARGEFILE_SOURCE -D_FILE_OFFSET_BITS=64    -c -o src/TArtDecoderV767.o src/TArtDecoderV767.cc
g++ -fPIC -Iinclude -pthread -std=c++11 -m64 -I/opt/root_6.16.0/include -D_LARGEFILE_SOURCE -D_FILE_OFFSET_BITS=64    -c -o src/TArtDecoderA3100.o src/TArtDecoderA3100.cc
/bin/sh ../../libtool  --tag=CXX   --mode=link g++  -fPIC -Iinclude -pthread -std=c++11 -m64 -I/opt/root_6.16.0/include -D_LARGEFILE_SOURCE -D_FILE_OFFSET_BITS=64  -L/opt/root_6.16.0/lib -lGui -lCore -lImt -lRIO -lNet -lHist -lGraf -lGraf3d -lGpad -lROOTVecOps -lTree -lTreePlayer -lRint -lPostscript -lMatrix -lPhysics -lMathCore -lThread -lMultiProc -lROOTDataFrame -pthread -lm -ldl -rdynamic  -L/opt/root_6.16.0/lib -lGui -lCore -lImt -lRIO -lNet -lHist -lGraf -lGraf3d -lGpad -lROOTVecOps -lTree -lTreePlayer -lRint -lPostscript -lMatrix -lPhysics -lMathCore -lThread -lMultiProc -lROOTDataFrame -pthread -lm -ldl -rdynamic  -o libanacore.la -rpath /opt/anaroot/lib  anacore_dict.lo src/TArtStreamingDataSource.o src/TArtDecoderFixed16.o src/TArtDecoderLUPO.o src/TArtDecoderAMTTDC.o src/TArtDecoderV1740.o src/TArtDecoderHINP.o src/TArtRawDataObject.o src/TArtSemaphore.o src/TArtStoreManager.o src/TArtRawScalerObject.o src/TArtDecoderV1190C.o src/TArtDecoderMDPP16.o src/TArtCore.o src/TArtEventStore.o src/TArtDecoderMQDC32.o src/TArtMath.o src/TArtDecoderFixed32.o src/TArtRawSegmentObject.o src/TArtParserFactory.o src/TArtDecoderV2740NOTDivided.o src/TArtDecoderMADC32.o src/TArtDecoderFactory.o src/TArtDecoderV1290.o src/TArtDecoderA3400.o src/TArtDecoderP716XZ.o src/TArtRawV2740DataObject.o src/TArtRawEventObject.o src/TArtDecoderSIS3301.o src/TArtDecoderFixed24.o src/TArtParserRDF.o src/TArtDecoderV550.o src/TArtDecoderV1190.o src/TArtDecoderDSP.o src/TArtDecoderP716X.o src/TArtFileDataSource.o src/TArtDecoderTacquila.o src/TArtDecoderBigEndianV7XX.o src/TArtDecoderAD413A.o src/TArtParserRIDF.o src/TArtSharedMemoryDataSource.o src/TArtParser.o src/TArtDecoderMTDC32.o src/TArtDataSource.o src/TArtDecoderV2740.o src/TArtDecoderNeulandTS.o src/TArtSharedMemory.o src/TArtDecoderV830.o src/TArtDecoderCTM405.o src/TArtDecoderL3377d.o src/TArtDecoderV7XX.o src/TArtDecoderVmeEasyroc.o src/TArtUtil.o src/TArtDecoderV767.o src/TArtDecoderA3100.o 

*** Warning: Linking the shared library libanacore.la against the non-libtool
*** objects  src/TArtStreamingDataSource.o src/TArtDecoderFixed16.o src/TArtDecoderLUPO.o src/TArtDecoderAMTTDC.o src/TArtDecoderV1740.o src/TArtDecoderHINP.o src/TArtRawDataObject.o src/TArtSemaphore.o src/TArtStoreManager.o src/TArtRawScalerObject.o src/TArtDecoderV1190C.o src/TArtDecoderMDPP16.o src/TArtCore.o src/TArtEventStore.o src/TArtDecoderMQDC32.o src/TArtMath.o src/TArtDecoderFixed32.o src/TArtRawSegmentObject.o src/TArtParserFactory.o src/TArtDecoderV2740NOTDivided.o src/TArtDecoderMADC32.o src/TArtDecoderFactory.o src/TArtDecoderV1290.o src/TArtDecoderA3400.o src/TArtDecoderP716XZ.o src/TArtRawV2740DataObject.o src/TArtRawEventObject.o src/TArtDecoderSIS3301.o src/TArtDecoderFixed24.o src/TArtParserRDF.o src/TArtDecoderV550.o src/TArtDecoderV1190.o src/TArtDecoderDSP.o src/TArtDecoderP716X.o src/TArtFileDataSource.o src/TArtDecoderTacquila.o src/TArtDecoderBigEndianV7XX.o src/TArtDecoderAD413A.o src/TArtParserRIDF.o src/TArtSharedMemoryDataSource.o src/TArtParser.o src/TArtDecoderMTDC32.o src/TArtDataSource.o src/TArtDecoderV2740.o src/TArtDecoderNeulandTS.o src/TArtSharedMemory.o src/TArtDecoderV830.o src/TArtDecoderCTM405.o src/TArtDecoderL3377d.o src/TArtDecoderV7XX.o src/TArtDecoderVmeEasyroc.o src/TArtUtil.o src/TArtDecoderV767.o src/TArtDecoderA3100.o is not portable!
libtool: link: rm -fr  .libs/libanacore.la .libs/libanacore.lai .libs/libanacore.so .libs/libanacore.so.0 .libs/libanacore.so.0.0.0
libtool: link: g++  -fPIC -DPIC -shared -nostdlib /usr/lib/gcc/x86_64-redhat-linux/8/../../../../lib64/crti.o /usr/lib/gcc/x86_64-redhat-linux/8/crtbeginS.o  .libs/anacore_dict.o  src/TArtStreamingDataSource.o src/TArtDecoderFixed16.o src/TArtDecoderLUPO.o src/TArtDecoderAMTTDC.o src/TArtDecoderV1740.o src/TArtDecoderHINP.o src/TArtRawDataObject.o src/TArtSemaphore.o src/TArtStoreManager.o src/TArtRawScalerObject.o src/TArtDecoderV1190C.o src/TArtDecoderMDPP16.o src/TArtCore.o src/TArtEventStore.o src/TArtDecoderMQDC32.o src/TArtMath.o src/TArtDecoderFixed32.o src/TArtRawSegmentObject.o src/TArtParserFactory.o src/TArtDecoderV2740NOTDivided.o src/TArtDecoderMADC32.o src/TArtDecoderFactory.o src/TArtDecoderV1290.o src/TArtDecoderA3400.o src/TArtDecoderP716XZ.o src/TArtRawV2740DataObject.o src/TArtRawEventObject.o src/TArtDecoderSIS3301.o src/TArtDecoderFixed24.o src/TArtParserRDF.o src/TArtDecoderV550.o src/TArtDecoderV1190.o src/TArtDecoderDSP.o src/TArtDecoderP716X.o src/TArtFileDataSource.o src/TArtDecoderTacquila.o src/TArtDecoderBigEndianV7XX.o src/TArtDecoderAD413A.o src/TArtParserRIDF.o src/TArtSharedMemoryDataSource.o src/TArtParser.o src/TArtDecoderMTDC32.o src/TArtDataSource.o src/TArtDecoderV2740.o src/TArtDecoderNeulandTS.o src/TArtSharedMemory.o src/TArtDecoderV830.o src/TArtDecoderCTM405.o src/TArtDecoderL3377d.o src/TArtDecoderV7XX.o src/TArtDecoderVmeEasyroc.o src/TArtUtil.o src/TArtDecoderV767.o src/TArtDecoderA3100.o   -L/opt/root_6.16.0/lib -lGui -lCore -lImt -lRIO -lNet -lHist -lGraf -lGraf3d -lGpad -lROOTVecOps -lTree -lTreePlayer -lRint -lPostscript -lMatrix -lPhysics -lMathCore -lThread -lMultiProc -lROOTDataFrame -ldl -L/usr/lib/gcc/x86_64-redhat-linux/8 -L/usr/lib/gcc/x86_64-redhat-linux/8/../../../../lib64 -L/lib/../lib64 -L/usr/lib/../lib64 -L/usr/lib/gcc/x86_64-redhat-linux/8/../../.. -lstdc++ -lm -lc -lgcc_s /usr/lib/gcc/x86_64-redhat-linux/8/crtendS.o /usr/lib/gcc/x86_64-redhat-linux/8/../../../../lib64/crtn.o  -pthread -m64 -pthread -pthread   -pthread -Wl,-soname -Wl,libanacore.so.0 -o .libs/libanacore.so.0.0.0
libtool: link: (cd ".libs" && rm -f "libanacore.so.0" && ln -s "libanacore.so.0.0.0" "libanacore.so.0")
libtool: link: (cd ".libs" && rm -f "libanacore.so" && ln -s "libanacore.so.0.0.0" "libanacore.so")
libtool: link: ( cd ".libs" && rm -f "libanacore.la" && ln -s "../libanacore.la" "libanacore.la" )
make[2]: Leaving directory '/home/quser/src/anaroot/sources/Core'
Making all in Reconstruction
make[2]: Entering directory '/home/quser/src/anaroot/sources/Reconstruction'
Making all in BigRIPS
make[3]: Entering directory '/home/quser/src/anaroot/sources/Reconstruction/BigRIPS'
g++ -fPIC -Iinclude -pthread -std=c++11 -m64 -I/opt/root_6.16.0/include -I../../Core/include   -c -o src/TArtRecoRIPS.o src/TArtRecoRIPS.cc
g++ -fPIC -Iinclude -pthread -std=c++11 -m64 -I/opt/root_6.16.0/include -I../../Core/include   -c -o src/TArtCalibPID.o src/TArtCalibPID.cc
g++ -fPIC -Iinclude -pthread -std=c++11 -m64 -I/opt/root_6.16.0/include -I../../Core/include   -c -o src/TArtCalibSi.o src/TArtCalibSi.cc
g++ -fPIC -Iinclude -pthread -std=c++11 -m64 -I/opt/root_6.16.0/include -I../../Core/include   -c -o src/TArtRecoPID.o src/TArtRecoPID.cc
g++ -fPIC -Iinclude -pthread -std=c++11 -m64 -I/opt/root_6.16.0/include -I../../Core/include   -c -o src/TArtCalibGe.o src/TArtCalibGe.cc
g++ -fPIC -Iinclude -pthread -std=c++11 -m64 -I/opt/root_6.16.0/include -I../../Core/include   -c -o src/TArtCalibPPAC.o src/TArtCalibPPAC.cc
g++ -fPIC -Iinclude -pthread -std=c++11 -m64 -I/opt/root_6.16.0/include -I../../Core/include   -c -o src/TArtCalibIC.o src/TArtCalibIC.cc
g++ -fPIC -Iinclude -pthread -std=c++11 -m64 -I/opt/root_6.16.0/include -I../../Core/include   -c -o src/TArtCalibFocalPlane.o src/TArtCalibFocalPlane.cc
g++ -fPIC -Iinclude -pthread -std=c++11 -m64 -I/opt/root_6.16.0/include -I../../Core/include   -c -o src/TArtBigRIPSParameters.o src/TArtBigRIPSParameters.cc
g++ -fPIC -Iinclude -pthread -std=c++11 -m64 -I/opt/root_6.16.0/include -I../../Core/include   -c -o src/TArtCalibPlastic.o src/TArtCalibPlastic.cc
g++ -fPIC -Iinclude -pthread -std=c++11 -m64 -I/opt/root_6.16.0/include -I../../Core/include   -c -o src/TArtRecoBeam.o src/TArtRecoBeam.cc
g++ -fPIC -Iinclude -pthread -std=c++11 -m64 -I/opt/root_6.16.0/include -I../../Core/include   -c -o src/TArtRIPSPara.o src/TArtRIPSPara.cc
g++ -fPIC -Iinclude -pthread -std=c++11 -m64 -I/opt/root_6.16.0/include -I../../Core/include   -c -o src/TArtRecoTOF.o src/TArtRecoTOF.cc
g++ -fPIC -Iinclude -pthread -std=c++11 -m64 -I/opt/root_6.16.0/include -I../../Core/include   -c -o src/TArtCalibCoin.o src/TArtCalibCoin.cc
g++ -fPIC -Iinclude -pthread -std=c++11 -m64 -I/opt/root_6.16.0/include -I../../Core/include   -c -o src/TArtCalibTKE.o src/TArtCalibTKE.cc
/bin/sh ../../../libtool  --tag=CXX   --mode=link g++  -fPIC -Iinclude -pthread -std=c++11 -m64 -I/opt/root_6.16.0/include -I../../Core/include -L/opt/root_6.16.0/lib -lGui -lCore -lImt -lRIO -lNet -lHist -lGraf -lGraf3d -lGpad -lROOTVecOps -lTree -lTreePlayer -lRint -lPostscript -lMatrix -lPhysics -lMathCore -lThread -lMultiProc -lROOTDataFrame -pthread -lm -ldl -rdynamic  -L/opt/root_6.16.0/lib -lGui -lCore -lImt -lRIO -lNet -lHist -lGraf -lGraf3d -lGpad -lROOTVecOps -lTree -lTreePlayer -lRint -lPostscript -lMatrix -lPhysics -lMathCore -lThread -lMultiProc -lROOTDataFrame -pthread -lm -ldl -rdynamic  -o libanabrips.la -rpath /opt/anaroot/lib  anabrips_dict.lo src/TArtRecoRIPS.o src/TArtCalibPID.o src/TArtCalibSi.o src/TArtRecoPID.o src/TArtCalibGe.o src/TArtCalibPPAC.o src/TArtCalibIC.o src/TArtCalibFocalPlane.o src/TArtBigRIPSParameters.o src/TArtCalibPlastic.o src/TArtRecoBeam.o src/TArtRIPSPara.o src/TArtRecoTOF.o src/TArtCalibCoin.o src/TArtCalibTKE.o 

*** Warning: Linking the shared library libanabrips.la against the non-libtool
*** objects  src/TArtRecoRIPS.o src/TArtCalibPID.o src/TArtCalibSi.o src/TArtRecoPID.o src/TArtCalibGe.o src/TArtCalibPPAC.o src/TArtCalibIC.o src/TArtCalibFocalPlane.o src/TArtBigRIPSParameters.o src/TArtCalibPlastic.o src/TArtRecoBeam.o src/TArtRIPSPara.o src/TArtRecoTOF.o src/TArtCalibCoin.o src/TArtCalibTKE.o is not portable!
libtool: link: rm -fr  .libs/libanabrips.la .libs/libanabrips.lai .libs/libanabrips.so .libs/libanabrips.so.0 .libs/libanabrips.so.0.0.0
libtool: link: g++  -fPIC -DPIC -shared -nostdlib /usr/lib/gcc/x86_64-redhat-linux/8/../../../../lib64/crti.o /usr/lib/gcc/x86_64-redhat-linux/8/crtbeginS.o  .libs/anabrips_dict.o  src/TArtRecoRIPS.o src/TArtCalibPID.o src/TArtCalibSi.o src/TArtRecoPID.o src/TArtCalibGe.o src/TArtCalibPPAC.o src/TArtCalibIC.o src/TArtCalibFocalPlane.o src/TArtBigRIPSParameters.o src/TArtCalibPlastic.o src/TArtRecoBeam.o src/TArtRIPSPara.o src/TArtRecoTOF.o src/TArtCalibCoin.o src/TArtCalibTKE.o   -L/opt/root_6.16.0/lib -lGui -lCore -lImt -lRIO -lNet -lHist -lGraf -lGraf3d -lGpad -lROOTVecOps -lTree -lTreePlayer -lRint -lPostscript -lMatrix -lPhysics -lMathCore -lThread -lMultiProc -lROOTDataFrame -ldl -L/usr/lib/gcc/x86_64-redhat-linux/8 -L/usr/lib/gcc/x86_64-redhat-linux/8/../../../../lib64 -L/lib/../lib64 -L/usr/lib/../lib64 -L/usr/lib/gcc/x86_64-redhat-linux/8/../../.. -lstdc++ -lm -lc -lgcc_s /usr/lib/gcc/x86_64-redhat-linux/8/crtendS.o /usr/lib/gcc/x86_64-redhat-linux/8/../../../../lib64/crtn.o  -pthread -m64 -pthread -pthread   -pthread -Wl,-soname -Wl,libanabrips.so.0 -o .libs/libanabrips.so.0.0.0
libtool: link: (cd ".libs" && rm -f "libanabrips.so.0" && ln -s "libanabrips.so.0.0.0" "libanabrips.so.0")
libtool: link: (cd ".libs" && rm -f "libanabrips.so" && ln -s "libanabrips.so.0.0.0" "libanabrips.so")
libtool: link: ( cd ".libs" && rm -f "libanabrips.la" && ln -s "../libanabrips.la" "libanabrips.la" )
make[3]: Leaving directory '/home/quser/src/anaroot/sources/Reconstruction/BigRIPS'
Making all in DALI
make[3]: Entering directory '/home/quser/src/anaroot/sources/Reconstruction/DALI'
g++ -fPIC -Iinclude -pthread -std=c++11 -m64 -I/opt/root_6.16.0/include -I../../Core/include -I../../Reconstruction/BigRIPS/include  -I../../Reconstruction/SAMURAI/include    -c -o src/TArtDALIParameters.o src/TArtDALIParameters.cc
g++ -fPIC -Iinclude -pthread -std=c++11 -m64 -I/opt/root_6.16.0/include -I../../Core/include -I../../Reconstruction/BigRIPS/include  -I../../Reconstruction/SAMURAI/include    -c -o src/TArtCalibDALI.o src/TArtCalibDALI.cc
/bin/sh ../../../libtool  --tag=CXX   --mode=link g++  -fPIC -Iinclude -pthread -std=c++11 -m64 -I/opt/root_6.16.0/include -I../../Core/include -I../../Reconstruction/BigRIPS/include  -I../../Reconstruction/SAMURAI/include  -L/opt/root_6.16.0/lib -lGui -lCore -lImt -lRIO -lNet -lHist -lGraf -lGraf3d -lGpad -lROOTVecOps -lTree -lTreePlayer -lRint -lPostscript -lMatrix -lPhysics -lMathCore -lThread -lMultiProc -lROOTDataFrame -pthread -lm -ldl -rdynamic  -L/opt/root_6.16.0/lib -lGui -lCore -lImt -lRIO -lNet -lHist -lGraf -lGraf3d -lGpad -lROOTVecOps -lTree -lTreePlayer -lRint -lPostscript -lMatrix -lPhysics -lMathCore -lThread -lMultiProc -lROOTDataFrame -pthread -lm -ldl -rdynamic  -o libanadali.la -rpath /opt/anaroot/lib  anadali_dict.lo src/TArtDALIParameters.o src/TArtCalibDALI.o 

*** Warning: Linking the shared library libanadali.la against the non-libtool
*** objects  src/TArtDALIParameters.o src/TArtCalibDALI.o is not portable!
libtool: link: rm -fr  .libs/libanadali.la .libs/libanadali.lai .libs/libanadali.so .libs/libanadali.so.0 .libs/libanadali.so.0.0.0
libtool: link: g++  -fPIC -DPIC -shared -nostdlib /usr/lib/gcc/x86_64-redhat-linux/8/../../../../lib64/crti.o /usr/lib/gcc/x86_64-redhat-linux/8/crtbeginS.o  .libs/anadali_dict.o  src/TArtDALIParameters.o src/TArtCalibDALI.o   -L/opt/root_6.16.0/lib -lGui -lCore -lImt -lRIO -lNet -lHist -lGraf -lGraf3d -lGpad -lROOTVecOps -lTree -lTreePlayer -lRint -lPostscript -lMatrix -lPhysics -lMathCore -lThread -lMultiProc -lROOTDataFrame -ldl -L/usr/lib/gcc/x86_64-redhat-linux/8 -L/usr/lib/gcc/x86_64-redhat-linux/8/../../../../lib64 -L/lib/../lib64 -L/usr/lib/../lib64 -L/usr/lib/gcc/x86_64-redhat-linux/8/../../.. -lstdc++ -lm -lc -lgcc_s /usr/lib/gcc/x86_64-redhat-linux/8/crtendS.o /usr/lib/gcc/x86_64-redhat-linux/8/../../../../lib64/crtn.o  -pthread -m64 -pthread -pthread   -pthread -Wl,-soname -Wl,libanadali.so.0 -o .libs/libanadali.so.0.0.0
libtool: link: (cd ".libs" && rm -f "libanadali.so.0" && ln -s "libanadali.so.0.0.0" "libanadali.so.0")
libtool: link: (cd ".libs" && rm -f "libanadali.so" && ln -s "libanadali.so.0.0.0" "libanadali.so")
libtool: link: ( cd ".libs" && rm -f "libanadali.la" && ln -s "../libanadali.la" "libanadali.la" )
make[3]: Leaving directory '/home/quser/src/anaroot/sources/Reconstruction/DALI'
Making all in SAMURAI
make[3]: Entering directory '/home/quser/src/anaroot/sources/Reconstruction/SAMURAI'
g++ -Wall -g -fPIC -Iinclude -pthread -std=c++11 -m64 -I/opt/root_6.16.0/include -I../../Core/include -I../../Reconstruction/BigRIPS/include    -c -o src/TArtCalibS1DC1Hit.o src/TArtCalibS1DC1Hit.cc
g++ -Wall -g -fPIC -Iinclude -pthread -std=c++11 -m64 -I/opt/root_6.16.0/include -I../../Core/include -I../../Reconstruction/BigRIPS/include    -c -o src/TArtCalibSimpleBDC2Track.o src/TArtCalibSimpleBDC2Track.cc
g++ -Wall -g -fPIC -Iinclude -pthread -std=c++11 -m64 -I/opt/root_6.16.0/include -I../../Core/include -I../../Reconstruction/BigRIPS/include    -c -o src/TArtSAMURAIParameters.o src/TArtSAMURAIParameters.cc
g++ -Wall -g -fPIC -Iinclude -pthread -std=c++11 -m64 -I/opt/root_6.16.0/include -I../../Core/include -I../../Reconstruction/BigRIPS/include    -c -o src/TArtNEBULAFilter.o src/TArtNEBULAFilter.cc
g++ -Wall -g -fPIC -Iinclude -pthread -std=c++11 -m64 -I/opt/root_6.16.0/include -I../../Core/include -I../../Reconstruction/BigRIPS/include    -c -o src/TArtRecoFragment.o src/TArtRecoFragment.cc
g++ -Wall -g -fPIC -Iinclude -pthread -std=c++11 -m64 -I/opt/root_6.16.0/include -I../../Core/include -I../../Reconstruction/BigRIPS/include    -c -o src/MathTools.o src/MathTools.cc
g++ -Wall -g -fPIC -Iinclude -pthread -std=c++11 -m64 -I/opt/root_6.16.0/include -I../../Core/include -I../../Reconstruction/BigRIPS/include    -c -o src/TArtRecoNeutron.o src/TArtRecoNeutron.cc
g++ -Wall -g -fPIC -Iinclude -pthread -std=c++11 -m64 -I/opt/root_6.16.0/include -I../../Core/include -I../../Reconstruction/BigRIPS/include    -c -o src/TArtHIMEFilter.o src/TArtHIMEFilter.cc
g++ -Wall -g -fPIC -Iinclude -pthread -std=c++11 -m64 -I/opt/root_6.16.0/include -I../../Core/include -I../../Reconstruction/BigRIPS/include    -c -o src/TArtCalibNeuLANDVETO.o src/TArtCalibNeuLANDVETO.cc
g++ -Wall -g -fPIC -Iinclude -pthread -std=c++11 -m64 -I/opt/root_6.16.0/include -I../../Core/include -I../../Reconstruction/BigRIPS/include    -c -o src/TArtCalibSAMURAI.o src/TArtCalibSAMURAI.cc
g++ -Wall -g -fPIC -Iinclude -pthread -std=c++11 -m64 -I/opt/root_6.16.0/include -I../../Core/include -I../../Reconstruction/BigRIPS/include    -c -o src/TArtCalibRPDCTrack.o src/TArtCalibRPDCTrack.cc
g++ -Wall -g -fPIC -Iinclude -pthread -std=c++11 -m64 -I/opt/root_6.16.0/include -I../../Core/include -I../../Reconstruction/BigRIPS/include    -c -o src/FieldMan.o src/FieldMan.cc
g++ -Wall -g -fPIC -Iinclude -pthread -std=c++11 -m64 -I/opt/root_6.16.0/include -I../../Core/include -I../../Reconstruction/BigRIPS/include    -c -o src/TArtCalibBDC2Hit.o src/TArtCalibBDC2Hit.cc
g++ -Wall -g -fPIC -Iinclude -pthread -std=c++11 -m64 -I/opt/root_6.16.0/include -I../../Core/include -I../../Reconstruction/BigRIPS/include    -c -o src/DCGeomRecord.o src/DCGeomRecord.cc
g++ -Wall -g -fPIC -Iinclude -pthread -std=c++11 -m64 -I/opt/root_6.16.0/include -I../../Core/include -I../../Reconstruction/BigRIPS/include    -c -o src/TArtCalibBDC1Hit.o src/TArtCalibBDC1Hit.cc
g++ -Wall -g -fPIC -Iinclude -pthread -std=c++11 -m64 -I/opt/root_6.16.0/include -I../../Core/include -I../../Reconstruction/BigRIPS/include    -c -o src/TArtCalibBPCHit.o src/TArtCalibBPCHit.cc
g++ -Wall -g -fPIC -Iinclude -pthread -std=c++11 -m64 -I/opt/root_6.16.0/include -I../../Core/include -I../../Reconstruction/BigRIPS/include    -c -o src/TArtCalcGlobalTrack.o src/TArtCalcGlobalTrack.cc
g++ -Wall -g -fPIC -Iinclude -pthread -std=c++11 -m64 -I/opt/root_6.16.0/include -I../../Core/include -I../../Reconstruction/BigRIPS/include    -c -o src/TArtCalibNeuLAND.o src/TArtCalibNeuLAND.cc
g++ -Wall -g -fPIC -Iinclude -pthread -std=c++11 -m64 -I/opt/root_6.16.0/include -I../../Core/include -I../../Reconstruction/BigRIPS/include    -c -o src/TArtCalibFDC0Hit.o src/TArtCalibFDC0Hit.cc
g++ -Wall -g -fPIC -Iinclude -pthread -std=c++11 -m64 -I/opt/root_6.16.0/include -I../../Core/include -I../../Reconstruction/BigRIPS/include    -c -o src/TArtCalibFDC1Track.o src/TArtCalibFDC1Track.cc
g++ -Wall -g -fPIC -Iinclude -pthread -std=c++11 -m64 -I/opt/root_6.16.0/include -I../../Core/include -I../../Reconstruction/BigRIPS/include    -c -o src/TArtCalibNEBULA.o src/TArtCalibNEBULA.cc
g++ -Wall -g -fPIC -Iinclude -pthread -std=c++11 -m64 -I/opt/root_6.16.0/include -I../../Core/include -I../../Reconstruction/BigRIPS/include    -c -o src/TArtCalibDCHit.o src/TArtCalibDCHit.cc
g++ -Wall -g -fPIC -Iinclude -pthread -std=c++11 -m64 -I/opt/root_6.16.0/include -I../../Core/include -I../../Reconstruction/BigRIPS/include    -c -o src/TArtCalibSimpleBDC1Track.o src/TArtCalibSimpleBDC1Track.cc
g++ -Wall -g -fPIC -Iinclude -pthread -std=c++11 -m64 -I/opt/root_6.16.0/include -I../../Core/include -I../../Reconstruction/BigRIPS/include    -c -o src/TArtCalibS1DC2Track.o src/TArtCalibS1DC2Track.cc
g++ -Wall -g -fPIC -Iinclude -pthread -std=c++11 -m64 -I/opt/root_6.16.0/include -I../../Core/include -I../../Reconstruction/BigRIPS/include    -c -o src/SAMURAIFieldMap.o src/SAMURAIFieldMap.cc
g++ -Wall -g -fPIC -Iinclude -pthread -std=c++11 -m64 -I/opt/root_6.16.0/include -I../../Core/include -I../../Reconstruction/BigRIPS/include    -c -o src/TArtCalibSimpleFDC0Track.o src/TArtCalibSimpleFDC0Track.cc
g++ -Wall -g -fPIC -Iinclude -pthread -std=c++11 -m64 -I/opt/root_6.16.0/include -I../../Core/include -I../../Reconstruction/BigRIPS/include    -c -o src/TArtCalibSimpleDCTrack.o src/TArtCalibSimpleDCTrack.cc
g++ -Wall -g -fPIC -Iinclude -pthread -std=c++11 -m64 -I/opt/root_6.16.0/include -I../../Core/include -I../../Reconstruction/BigRIPS/include    -c -o src/DCConfMan.o src/DCConfMan.cc
g++ -Wall -g -fPIC -Iinclude -pthread -std=c++11 -m64 -I/opt/root_6.16.0/include -I../../Core/include -I../../Reconstruction/BigRIPS/include    -c -o src/TArtCalibRPTOFPla.o src/TArtCalibRPTOFPla.cc
g++ -Wall -g -fPIC -Iinclude -pthread -std=c++11 -m64 -I/opt/root_6.16.0/include -I../../Core/include -I../../Reconstruction/BigRIPS/include    -c -o src/TArtCalibSAMURAITZero.o src/TArtCalibSAMURAITZero.cc
g++ -Wall -g -fPIC -Iinclude -pthread -std=c++11 -m64 -I/opt/root_6.16.0/include -I../../Core/include -I../../Reconstruction/BigRIPS/include    -c -o src/TArtCalibS1DC1Track.o src/TArtCalibS1DC1Track.cc
g++ -Wall -g -fPIC -Iinclude -pthread -std=c++11 -m64 -I/opt/root_6.16.0/include -I../../Core/include -I../../Reconstruction/BigRIPS/include    -c -o src/TArtCalibBDC2Track.o src/TArtCalibBDC2Track.cc
g++ -Wall -g -fPIC -Iinclude -pthread -std=c++11 -m64 -I/opt/root_6.16.0/include -I../../Core/include -I../../Reconstruction/BigRIPS/include    -c -o src/TArtCalibDCTrack.o src/TArtCalibDCTrack.cc
g++ -Wall -g -fPIC -Iinclude -pthread -std=c++11 -m64 -I/opt/root_6.16.0/include -I../../Core/include -I../../Reconstruction/BigRIPS/include    -c -o src/RungeKuttaUtilities.o src/RungeKuttaUtilities.cc
g++ -Wall -g -fPIC -Iinclude -pthread -std=c++11 -m64 -I/opt/root_6.16.0/include -I../../Core/include -I../../Reconstruction/BigRIPS/include    -c -o src/TArtCalibTEDCsI.o src/TArtCalibTEDCsI.cc
g++ -Wall -g -fPIC -Iinclude -pthread -std=c++11 -m64 -I/opt/root_6.16.0/include -I../../Core/include -I../../Reconstruction/BigRIPS/include    -c -o src/TArtCalibSimpleFDC2Track.o src/TArtCalibSimpleFDC2Track.cc
g++ -Wall -g -fPIC -Iinclude -pthread -std=c++11 -m64 -I/opt/root_6.16.0/include -I../../Core/include -I../../Reconstruction/BigRIPS/include    -c -o src/TArtRecoSAMURAI.o src/TArtRecoSAMURAI.cc
g++ -Wall -g -fPIC -Iinclude -pthread -std=c++11 -m64 -I/opt/root_6.16.0/include -I../../Core/include -I../../Reconstruction/BigRIPS/include    -c -o src/TArtCalibNEBULAHPC.o src/TArtCalibNEBULAHPC.cc
g++ -Wall -g -fPIC -Iinclude -pthread -std=c++11 -m64 -I/opt/root_6.16.0/include -I../../Core/include -I../../Reconstruction/BigRIPS/include    -c -o src/TArtCalibHIME.o src/TArtCalibHIME.cc
g++ -Wall -g -fPIC -Iinclude -pthread -std=c++11 -m64 -I/opt/root_6.16.0/include -I../../Core/include -I../../Reconstruction/BigRIPS/include    -c -o src/TArtCalibPDCTrack.o src/TArtCalibPDCTrack.cc
g++ -Wall -g -fPIC -Iinclude -pthread -std=c++11 -m64 -I/opt/root_6.16.0/include -I../../Core/include -I../../Reconstruction/BigRIPS/include    -c -o src/TArtCalibFDC2Hit.o src/TArtCalibFDC2Hit.cc
g++ -Wall -g -fPIC -Iinclude -pthread -std=c++11 -m64 -I/opt/root_6.16.0/include -I../../Core/include -I../../Reconstruction/BigRIPS/include    -c -o src/TArtCalibBDC1Track.o src/TArtCalibBDC1Track.cc
g++ -Wall -g -fPIC -Iinclude -pthread -std=c++11 -m64 -I/opt/root_6.16.0/include -I../../Core/include -I../../Reconstruction/BigRIPS/include    -c -o src/TArtCalibFDC1Hit.o src/TArtCalibFDC1Hit.cc
g++ -Wall -g -fPIC -Iinclude -pthread -std=c++11 -m64 -I/opt/root_6.16.0/include -I../../Core/include -I../../Reconstruction/BigRIPS/include    -c -o src/TArtCalibNINJA.o src/TArtCalibNINJA.cc
g++ -Wall -g -fPIC -Iinclude -pthread -std=c++11 -m64 -I/opt/root_6.16.0/include -I../../Core/include -I../../Reconstruction/BigRIPS/include    -c -o src/TArtCalibPDCHit.o src/TArtCalibPDCHit.cc
g++ -Wall -g -fPIC -Iinclude -pthread -std=c++11 -m64 -I/opt/root_6.16.0/include -I../../Core/include -I../../Reconstruction/BigRIPS/include    -c -o src/TArtCalibFDC2Track.o src/TArtCalibFDC2Track.cc
g++ -Wall -g -fPIC -Iinclude -pthread -std=c++11 -m64 -I/opt/root_6.16.0/include -I../../Core/include -I../../Reconstruction/BigRIPS/include    -c -o src/TArtCalibSimpleFDC1Track.o src/TArtCalibSimpleFDC1Track.cc
g++ -Wall -g -fPIC -Iinclude -pthread -std=c++11 -m64 -I/opt/root_6.16.0/include -I../../Core/include -I../../Reconstruction/BigRIPS/include    -c -o src/TArtCalibHODPla.o src/TArtCalibHODPla.cc
g++ -Wall -g -fPIC -Iinclude -pthread -std=c++11 -m64 -I/opt/root_6.16.0/include -I../../Core/include -I../../Reconstruction/BigRIPS/include    -c -o src/TArtCalibRPDCHit.o src/TArtCalibRPDCHit.cc
g++ -Wall -g -fPIC -Iinclude -pthread -std=c++11 -m64 -I/opt/root_6.16.0/include -I../../Core/include -I../../Reconstruction/BigRIPS/include    -c -o src/TArtCalibICF.o src/TArtCalibICF.cc
g++ -Wall -g -fPIC -Iinclude -pthread -std=c++11 -m64 -I/opt/root_6.16.0/include -I../../Core/include -I../../Reconstruction/BigRIPS/include    -c -o src/TArtCalibS1DC2Hit.o src/TArtCalibS1DC2Hit.cc
g++ -Wall -g -fPIC -Iinclude -pthread -std=c++11 -m64 -I/opt/root_6.16.0/include -I../../Core/include -I../../Reconstruction/BigRIPS/include    -c -o src/TArtCalibFDC0Track.o src/TArtCalibFDC0Track.cc
/bin/sh ../../../libtool  --tag=CXX   --mode=link g++  -Wall -g -fPIC -Iinclude -pthread -std=c++11 -m64 -I/opt/root_6.16.0/include -I../../Core/include -I../../Reconstruction/BigRIPS/include  -L/opt/root_6.16.0/lib -lGui -lCore -lImt -lRIO -lNet -lHist -lGraf -lGraf3d -lGpad -lROOTVecOps -lTree -lTreePlayer -lRint -lPostscript -lMatrix -lPhysics -lMathCore -lThread -lMultiProc -lROOTDataFrame -pthread -lm -ldl -rdynamic  -L/opt/root_6.16.0/lib -lGui -lCore -lImt -lRIO -lNet -lHist -lGraf -lGraf3d -lGpad -lROOTVecOps -lTree -lTreePlayer -lRint -lPostscript -lMatrix -lPhysics -lMathCore -lThread -lMultiProc -lROOTDataFrame -pthread -lm -ldl -rdynamic  -o libanasamurai.la -rpath /opt/anaroot/lib  anasamurai_dict.lo src/TArtCalibS1DC1Hit.o src/TArtCalibSimpleBDC2Track.o src/TArtSAMURAIParameters.o src/TArtNEBULAFilter.o src/TArtRecoFragment.o src/MathTools.o src/TArtRecoNeutron.o src/TArtHIMEFilter.o src/TArtCalibNeuLANDVETO.o src/TArtCalibSAMURAI.o src/TArtCalibRPDCTrack.o src/FieldMan.o src/TArtCalibBDC2Hit.o src/DCGeomRecord.o src/TArtCalibBDC1Hit.o src/TArtCalibBPCHit.o src/TArtCalcGlobalTrack.o src/TArtCalibNeuLAND.o src/TArtCalibFDC0Hit.o src/TArtCalibFDC1Track.o src/TArtCalibNEBULA.o src/TArtCalibDCHit.o src/TArtCalibSimpleBDC1Track.o src/TArtCalibS1DC2Track.o src/SAMURAIFieldMap.o src/TArtCalibSimpleFDC0Track.o src/TArtCalibSimpleDCTrack.o src/DCConfMan.o src/TArtCalibRPTOFPla.o src/TArtCalibSAMURAITZero.o src/TArtCalibS1DC1Track.o src/TArtCalibBDC2Track.o src/TArtCalibDCTrack.o src/RungeKuttaUtilities.o src/TArtCalibTEDCsI.o src/TArtCalibSimpleFDC2Track.o src/TArtRecoSAMURAI.o src/TArtCalibNEBULAHPC.o src/TArtCalibHIME.o src/TArtCalibPDCTrack.o src/TArtCalibFDC2Hit.o src/TArtCalibBDC1Track.o src/TArtCalibFDC1Hit.o src/TArtCalibNINJA.o src/TArtCalibPDCHit.o src/TArtCalibFDC2Track.o src/TArtCalibSimpleFDC1Track.o src/TArtCalibHODPla.o src/TArtCalibRPDCHit.o src/TArtCalibICF.o src/TArtCalibS1DC2Hit.o src/TArtCalibFDC0Track.o 

*** Warning: Linking the shared library libanasamurai.la against the non-libtool
*** objects  src/TArtCalibS1DC1Hit.o src/TArtCalibSimpleBDC2Track.o src/TArtSAMURAIParameters.o src/TArtNEBULAFilter.o src/TArtRecoFragment.o src/MathTools.o src/TArtRecoNeutron.o src/TArtHIMEFilter.o src/TArtCalibNeuLANDVETO.o src/TArtCalibSAMURAI.o src/TArtCalibRPDCTrack.o src/FieldMan.o src/TArtCalibBDC2Hit.o src/DCGeomRecord.o src/TArtCalibBDC1Hit.o src/TArtCalibBPCHit.o src/TArtCalcGlobalTrack.o src/TArtCalibNeuLAND.o src/TArtCalibFDC0Hit.o src/TArtCalibFDC1Track.o src/TArtCalibNEBULA.o src/TArtCalibDCHit.o src/TArtCalibSimpleBDC1Track.o src/TArtCalibS1DC2Track.o src/SAMURAIFieldMap.o src/TArtCalibSimpleFDC0Track.o src/TArtCalibSimpleDCTrack.o src/DCConfMan.o src/TArtCalibRPTOFPla.o src/TArtCalibSAMURAITZero.o src/TArtCalibS1DC1Track.o src/TArtCalibBDC2Track.o src/TArtCalibDCTrack.o src/RungeKuttaUtilities.o src/TArtCalibTEDCsI.o src/TArtCalibSimpleFDC2Track.o src/TArtRecoSAMURAI.o src/TArtCalibNEBULAHPC.o src/TArtCalibHIME.o src/TArtCalibPDCTrack.o src/TArtCalibFDC2Hit.o src/TArtCalibBDC1Track.o src/TArtCalibFDC1Hit.o src/TArtCalibNINJA.o src/TArtCalibPDCHit.o src/TArtCalibFDC2Track.o src/TArtCalibSimpleFDC1Track.o src/TArtCalibHODPla.o src/TArtCalibRPDCHit.o src/TArtCalibICF.o src/TArtCalibS1DC2Hit.o src/TArtCalibFDC0Track.o is not portable!
libtool: link: rm -fr  .libs/libanasamurai.la .libs/libanasamurai.lai .libs/libanasamurai.so .libs/libanasamurai.so.0 .libs/libanasamurai.so.0.0.0
libtool: link: g++  -fPIC -DPIC -shared -nostdlib /usr/lib/gcc/x86_64-redhat-linux/8/../../../../lib64/crti.o /usr/lib/gcc/x86_64-redhat-linux/8/crtbeginS.o  .libs/anasamurai_dict.o  src/TArtCalibS1DC1Hit.o src/TArtCalibSimpleBDC2Track.o src/TArtSAMURAIParameters.o src/TArtNEBULAFilter.o src/TArtRecoFragment.o src/MathTools.o src/TArtRecoNeutron.o src/TArtHIMEFilter.o src/TArtCalibNeuLANDVETO.o src/TArtCalibSAMURAI.o src/TArtCalibRPDCTrack.o src/FieldMan.o src/TArtCalibBDC2Hit.o src/DCGeomRecord.o src/TArtCalibBDC1Hit.o src/TArtCalibBPCHit.o src/TArtCalcGlobalTrack.o src/TArtCalibNeuLAND.o src/TArtCalibFDC0Hit.o src/TArtCalibFDC1Track.o src/TArtCalibNEBULA.o src/TArtCalibDCHit.o src/TArtCalibSimpleBDC1Track.o src/TArtCalibS1DC2Track.o src/SAMURAIFieldMap.o src/TArtCalibSimpleFDC0Track.o src/TArtCalibSimpleDCTrack.o src/DCConfMan.o src/TArtCalibRPTOFPla.o src/TArtCalibSAMURAITZero.o src/TArtCalibS1DC1Track.o src/TArtCalibBDC2Track.o src/TArtCalibDCTrack.o src/RungeKuttaUtilities.o src/TArtCalibTEDCsI.o src/TArtCalibSimpleFDC2Track.o src/TArtRecoSAMURAI.o src/TArtCalibNEBULAHPC.o src/TArtCalibHIME.o src/TArtCalibPDCTrack.o src/TArtCalibFDC2Hit.o src/TArtCalibBDC1Track.o src/TArtCalibFDC1Hit.o src/TArtCalibNINJA.o src/TArtCalibPDCHit.o src/TArtCalibFDC2Track.o src/TArtCalibSimpleFDC1Track.o src/TArtCalibHODPla.o src/TArtCalibRPDCHit.o src/TArtCalibICF.o src/TArtCalibS1DC2Hit.o src/TArtCalibFDC0Track.o   -L/opt/root_6.16.0/lib -lGui -lCore -lImt -lRIO -lNet -lHist -lGraf -lGraf3d -lGpad -lROOTVecOps -lTree -lTreePlayer -lRint -lPostscript -lMatrix -lPhysics -lMathCore -lThread -lMultiProc -lROOTDataFrame -ldl -L/usr/lib/gcc/x86_64-redhat-linux/8 -L/usr/lib/gcc/x86_64-redhat-linux/8/../../../../lib64 -L/lib/../lib64 -L/usr/lib/../lib64 -L/usr/lib/gcc/x86_64-redhat-linux/8/../../.. -lstdc++ -lm -lc -lgcc_s /usr/lib/gcc/x86_64-redhat-linux/8/crtendS.o /usr/lib/gcc/x86_64-redhat-linux/8/../../../../lib64/crtn.o  -g -pthread -m64 -pthread -pthread   -pthread -Wl,-soname -Wl,libanasamurai.so.0 -o .libs/libanasamurai.so.0.0.0
libtool: link: (cd ".libs" && rm -f "libanasamurai.so.0" && ln -s "libanasamurai.so.0.0.0" "libanasamurai.so.0")
libtool: link: (cd ".libs" && rm -f "libanasamurai.so" && ln -s "libanasamurai.so.0.0.0" "libanasamurai.so")
libtool: link: ( cd ".libs" && rm -f "libanasamurai.la" && ln -s "../libanasamurai.la" "libanasamurai.la" )
make[3]: Leaving directory '/home/quser/src/anaroot/sources/Reconstruction/SAMURAI'
Making all in WINDS
make[3]: Entering directory '/home/quser/src/anaroot/sources/Reconstruction/WINDS'
g++ -Wall -g -fPIC -Iinclude -pthread -std=c++11 -m64 -I/opt/root_6.16.0/include -I../../Core/include -I../../Reconstruction/BigRIPS/include   -c -o src/TArtCalibWINDSPla.o src/TArtCalibWINDSPla.cc
g++ -Wall -g -fPIC -Iinclude -pthread -std=c++11 -m64 -I/opt/root_6.16.0/include -I../../Core/include -I../../Reconstruction/BigRIPS/include   -c -o src/TArtWINDSParameters.o src/TArtWINDSParameters.cc
/bin/sh ../../../libtool  --tag=CXX   --mode=link g++  -Wall -g -fPIC -Iinclude -pthread -std=c++11 -m64 -I/opt/root_6.16.0/include -I../../Core/include -I../../Reconstruction/BigRIPS/include -L/opt/root_6.16.0/lib -lGui -lCore -lImt -lRIO -lNet -lHist -lGraf -lGraf3d -lGpad -lROOTVecOps -lTree -lTreePlayer -lRint -lPostscript -lMatrix -lPhysics -lMathCore -lThread -lMultiProc -lROOTDataFrame -pthread -lm -ldl -rdynamic  -L/opt/root_6.16.0/lib -lGui -lCore -lImt -lRIO -lNet -lHist -lGraf -lGraf3d -lGpad -lROOTVecOps -lTree -lTreePlayer -lRint -lPostscript -lMatrix -lPhysics -lMathCore -lThread -lMultiProc -lROOTDataFrame -pthread -lm -ldl -rdynamic  -o libanawinds.la -rpath /opt/anaroot/lib  anawinds_dict.lo src/TArtCalibWINDSPla.o src/TArtWINDSParameters.o 

*** Warning: Linking the shared library libanawinds.la against the non-libtool
*** objects  src/TArtCalibWINDSPla.o src/TArtWINDSParameters.o is not portable!
libtool: link: rm -fr  .libs/libanawinds.la .libs/libanawinds.lai .libs/libanawinds.so .libs/libanawinds.so.0 .libs/libanawinds.so.0.0.0
libtool: link: g++  -fPIC -DPIC -shared -nostdlib /usr/lib/gcc/x86_64-redhat-linux/8/../../../../lib64/crti.o /usr/lib/gcc/x86_64-redhat-linux/8/crtbeginS.o  .libs/anawinds_dict.o  src/TArtCalibWINDSPla.o src/TArtWINDSParameters.o   -L/opt/root_6.16.0/lib -lGui -lCore -lImt -lRIO -lNet -lHist -lGraf -lGraf3d -lGpad -lROOTVecOps -lTree -lTreePlayer -lRint -lPostscript -lMatrix -lPhysics -lMathCore -lThread -lMultiProc -lROOTDataFrame -ldl -L/usr/lib/gcc/x86_64-redhat-linux/8 -L/usr/lib/gcc/x86_64-redhat-linux/8/../../../../lib64 -L/lib/../lib64 -L/usr/lib/../lib64 -L/usr/lib/gcc/x86_64-redhat-linux/8/../../.. -lstdc++ -lm -lc -lgcc_s /usr/lib/gcc/x86_64-redhat-linux/8/crtendS.o /usr/lib/gcc/x86_64-redhat-linux/8/../../../../lib64/crtn.o  -g -pthread -m64 -pthread -pthread   -pthread -Wl,-soname -Wl,libanawinds.so.0 -o .libs/libanawinds.so.0.0.0
libtool: link: (cd ".libs" && rm -f "libanawinds.so.0" && ln -s "libanawinds.so.0.0.0" "libanawinds.so.0")
libtool: link: (cd ".libs" && rm -f "libanawinds.so" && ln -s "libanawinds.so.0.0.0" "libanawinds.so")
libtool: link: ( cd ".libs" && rm -f "libanawinds.la" && ln -s "../libanawinds.la" "libanawinds.la" )
make[3]: Leaving directory '/home/quser/src/anaroot/sources/Reconstruction/WINDS'
Making all in ESPRI
make[3]: Entering directory '/home/quser/src/anaroot/sources/Reconstruction/ESPRI'
g++ -fPIC -Iinclude -pthread -std=c++11 -m64 -I/opt/root_6.16.0/include -I../../Core/include   -c -o src/TArtCalibDia.o src/TArtCalibDia.cc
g++ -fPIC -Iinclude -pthread -std=c++11 -m64 -I/opt/root_6.16.0/include -I../../Core/include   -c -o src/TArtUserParameters.o src/TArtUserParameters.cc
g++ -fPIC -Iinclude -pthread -std=c++11 -m64 -I/opt/root_6.16.0/include -I../../Core/include   -c -o src/TArtESPRIParameters.o src/TArtESPRIParameters.cc
g++ -fPIC -Iinclude -pthread -std=c++11 -m64 -I/opt/root_6.16.0/include -I../../Core/include   -c -o src/TArtCalibBDC.o src/TArtCalibBDC.cc
g++ -fPIC -Iinclude -pthread -std=c++11 -m64 -I/opt/root_6.16.0/include -I../../Core/include   -c -o src/TArtCalibPlas.o src/TArtCalibPlas.cc
g++ -fPIC -Iinclude -pthread -std=c++11 -m64 -I/opt/root_6.16.0/include -I../../Core/include   -c -o src/TArtCalibFADC.o src/TArtCalibFADC.cc
g++ -fPIC -Iinclude -pthread -std=c++11 -m64 -I/opt/root_6.16.0/include -I../../Core/include   -c -o src/TArtCalibRDC.o src/TArtCalibRDC.cc
g++ -fPIC -Iinclude -pthread -std=c++11 -m64 -I/opt/root_6.16.0/include -I../../Core/include   -c -o src/TArtCalibRNaI.o src/TArtCalibRNaI.cc
g++ -fPIC -Iinclude -pthread -std=c++11 -m64 -I/opt/root_6.16.0/include -I../../Core/include   -c -o src/TArtCalibBLD.o src/TArtCalibBLD.cc
g++ -fPIC -Iinclude -pthread -std=c++11 -m64 -I/opt/root_6.16.0/include -I../../Core/include   -c -o src/TArtCalibTDCHit.o src/TArtCalibTDCHit.cc
/bin/sh ../../../libtool  --tag=CXX   --mode=link g++  -fPIC -Iinclude -pthread -std=c++11 -m64 -I/opt/root_6.16.0/include -I../../Core/include -L/opt/root_6.16.0/lib -lGui -lCore -lImt -lRIO -lNet -lHist -lGraf -lGraf3d -lGpad -lROOTVecOps -lTree -lTreePlayer -lRint -lPostscript -lMatrix -lPhysics -lMathCore -lThread -lMultiProc -lROOTDataFrame -pthread -lm -ldl -rdynamic  -L/opt/root_6.16.0/lib -lGui -lCore -lImt -lRIO -lNet -lHist -lGraf -lGraf3d -lGpad -lROOTVecOps -lTree -lTreePlayer -lRint -lPostscript -lMatrix -lPhysics -lMathCore -lThread -lMultiProc -lROOTDataFrame -pthread -lm -ldl -rdynamic  -o libanaespri.la -rpath /opt/anaroot/lib  anaespri_dict.lo src/TArtCalibDia.o src/TArtUserParameters.o src/TArtESPRIParameters.o src/TArtCalibBDC.o src/TArtCalibPlas.o src/TArtCalibFADC.o src/TArtCalibRDC.o src/TArtCalibRNaI.o src/TArtCalibBLD.o src/TArtCalibTDCHit.o 

*** Warning: Linking the shared library libanaespri.la against the non-libtool
*** objects  src/TArtCalibDia.o src/TArtUserParameters.o src/TArtESPRIParameters.o src/TArtCalibBDC.o src/TArtCalibPlas.o src/TArtCalibFADC.o src/TArtCalibRDC.o src/TArtCalibRNaI.o src/TArtCalibBLD.o src/TArtCalibTDCHit.o is not portable!
libtool: link: rm -fr  .libs/libanaespri.la .libs/libanaespri.lai .libs/libanaespri.so .libs/libanaespri.so.0 .libs/libanaespri.so.0.0.0
libtool: link: g++  -fPIC -DPIC -shared -nostdlib /usr/lib/gcc/x86_64-redhat-linux/8/../../../../lib64/crti.o /usr/lib/gcc/x86_64-redhat-linux/8/crtbeginS.o  .libs/anaespri_dict.o  src/TArtCalibDia.o src/TArtUserParameters.o src/TArtESPRIParameters.o src/TArtCalibBDC.o src/TArtCalibPlas.o src/TArtCalibFADC.o src/TArtCalibRDC.o src/TArtCalibRNaI.o src/TArtCalibBLD.o src/TArtCalibTDCHit.o   -L/opt/root_6.16.0/lib -lGui -lCore -lImt -lRIO -lNet -lHist -lGraf -lGraf3d -lGpad -lROOTVecOps -lTree -lTreePlayer -lRint -lPostscript -lMatrix -lPhysics -lMathCore -lThread -lMultiProc -lROOTDataFrame -ldl -L/usr/lib/gcc/x86_64-redhat-linux/8 -L/usr/lib/gcc/x86_64-redhat-linux/8/../../../../lib64 -L/lib/../lib64 -L/usr/lib/../lib64 -L/usr/lib/gcc/x86_64-redhat-linux/8/../../.. -lstdc++ -lm -lc -lgcc_s /usr/lib/gcc/x86_64-redhat-linux/8/crtendS.o /usr/lib/gcc/x86_64-redhat-linux/8/../../../../lib64/crtn.o  -pthread -m64 -pthread -pthread   -pthread -Wl,-soname -Wl,libanaespri.so.0 -o .libs/libanaespri.so.0.0.0
libtool: link: (cd ".libs" && rm -f "libanaespri.so.0" && ln -s "libanaespri.so.0.0.0" "libanaespri.so.0")
libtool: link: (cd ".libs" && rm -f "libanaespri.so" && ln -s "libanaespri.so.0.0.0" "libanaespri.so")
libtool: link: ( cd ".libs" && rm -f "libanaespri.la" && ln -s "../libanaespri.la" "libanaespri.la" )
make[3]: Leaving directory '/home/quser/src/anaroot/sources/Reconstruction/ESPRI'
Making all in CATANA
make[3]: Entering directory '/home/quser/src/anaroot/sources/Reconstruction/CATANA'
g++ -fPIC -Iinclude -pthread -std=c++11 -m64 -I/opt/root_6.16.0/include -I../../Core/include -I../../Reconstruction/BigRIPS/include  -I../../Reconstruction/SAMURAI/include    -c -o src/TArtCalibCATANA.o src/TArtCalibCATANA.cc
g++ -fPIC -Iinclude -pthread -std=c++11 -m64 -I/opt/root_6.16.0/include -I../../Core/include -I../../Reconstruction/BigRIPS/include  -I../../Reconstruction/SAMURAI/include    -c -o src/TArtCATANAParameters.o src/TArtCATANAParameters.cc
/bin/sh ../../../libtool  --tag=CXX   --mode=link g++  -fPIC -Iinclude -pthread -std=c++11 -m64 -I/opt/root_6.16.0/include -I../../Core/include -I../../Reconstruction/BigRIPS/include  -I../../Reconstruction/SAMURAI/include  -L/opt/root_6.16.0/lib -lGui -lCore -lImt -lRIO -lNet -lHist -lGraf -lGraf3d -lGpad -lROOTVecOps -lTree -lTreePlayer -lRint -lPostscript -lMatrix -lPhysics -lMathCore -lThread -lMultiProc -lROOTDataFrame -pthread -lm -ldl -rdynamic  -L/opt/root_6.16.0/lib -lGui -lCore -lImt -lRIO -lNet -lHist -lGraf -lGraf3d -lGpad -lROOTVecOps -lTree -lTreePlayer -lRint -lPostscript -lMatrix -lPhysics -lMathCore -lThread -lMultiProc -lROOTDataFrame -pthread -lm -ldl -rdynamic  -o libanacatana.la -rpath /opt/anaroot/lib  anacatana_dict.lo src/TArtCalibCATANA.o src/TArtCATANAParameters.o 

*** Warning: Linking the shared library libanacatana.la against the non-libtool
*** objects  src/TArtCalibCATANA.o src/TArtCATANAParameters.o is not portable!
libtool: link: rm -fr  .libs/libanacatana.la .libs/libanacatana.lai .libs/libanacatana.so .libs/libanacatana.so.0 .libs/libanacatana.so.0.0.0
libtool: link: g++  -fPIC -DPIC -shared -nostdlib /usr/lib/gcc/x86_64-redhat-linux/8/../../../../lib64/crti.o /usr/lib/gcc/x86_64-redhat-linux/8/crtbeginS.o  .libs/anacatana_dict.o  src/TArtCalibCATANA.o src/TArtCATANAParameters.o   -L/opt/root_6.16.0/lib -lGui -lCore -lImt -lRIO -lNet -lHist -lGraf -lGraf3d -lGpad -lROOTVecOps -lTree -lTreePlayer -lRint -lPostscript -lMatrix -lPhysics -lMathCore -lThread -lMultiProc -lROOTDataFrame -ldl -L/usr/lib/gcc/x86_64-redhat-linux/8 -L/usr/lib/gcc/x86_64-redhat-linux/8/../../../../lib64 -L/lib/../lib64 -L/usr/lib/../lib64 -L/usr/lib/gcc/x86_64-redhat-linux/8/../../.. -lstdc++ -lm -lc -lgcc_s /usr/lib/gcc/x86_64-redhat-linux/8/crtendS.o /usr/lib/gcc/x86_64-redhat-linux/8/../../../../lib64/crtn.o  -pthread -m64 -pthread -pthread   -pthread -Wl,-soname -Wl,libanacatana.so.0 -o .libs/libanacatana.so.0.0.0
libtool: link: (cd ".libs" && rm -f "libanacatana.so.0" && ln -s "libanacatana.so.0.0.0" "libanacatana.so.0")
libtool: link: (cd ".libs" && rm -f "libanacatana.so" && ln -s "libanacatana.so.0.0.0" "libanacatana.so")
libtool: link: ( cd ".libs" && rm -f "libanacatana.la" && ln -s "../libanacatana.la" "libanacatana.la" )
make[3]: Leaving directory '/home/quser/src/anaroot/sources/Reconstruction/CATANA'
Making all in SILICONS
make[3]: Entering directory '/home/quser/src/anaroot/sources/Reconstruction/SILICONS'
g++ -fPIC -Iinclude -pthread -std=c++11 -m64 -I/opt/root_6.16.0/include -I../../Core/include -I../../Reconstruction/BigRIPS/include  -I../../Reconstruction/SAMURAI/include    -c -o src/TArtSILICONSParameters.o src/TArtSILICONSParameters.cc
g++ -fPIC -Iinclude -pthread -std=c++11 -m64 -I/opt/root_6.16.0/include -I../../Core/include -I../../Reconstruction/BigRIPS/include  -I../../Reconstruction/SAMURAI/include    -c -o src/TArtCalibSILICONS.o src/TArtCalibSILICONS.cc
/bin/sh ../../../libtool  --tag=CXX   --mode=link g++  -fPIC -Iinclude -pthread -std=c++11 -m64 -I/opt/root_6.16.0/include -I../../Core/include -I../../Reconstruction/BigRIPS/include  -I../../Reconstruction/SAMURAI/include  -L/opt/root_6.16.0/lib -lGui -lCore -lImt -lRIO -lNet -lHist -lGraf -lGraf3d -lGpad -lROOTVecOps -lTree -lTreePlayer -lRint -lPostscript -lMatrix -lPhysics -lMathCore -lThread -lMultiProc -lROOTDataFrame -pthread -lm -ldl -rdynamic  -L/opt/root_6.16.0/lib -lGui -lCore -lImt -lRIO -lNet -lHist -lGraf -lGraf3d -lGpad -lROOTVecOps -lTree -lTreePlayer -lRint -lPostscript -lMatrix -lPhysics -lMathCore -lThread -lMultiProc -lROOTDataFrame -pthread -lm -ldl -rdynamic  -o libanasilicons.la -rpath /opt/anaroot/lib  anasilicons_dict.lo src/TArtSILICONSParameters.o src/TArtCalibSILICONS.o 

*** Warning: Linking the shared library libanasilicons.la against the non-libtool
*** objects  src/TArtSILICONSParameters.o src/TArtCalibSILICONS.o is not portable!
libtool: link: rm -fr  .libs/libanasilicons.la .libs/libanasilicons.lai .libs/libanasilicons.so .libs/libanasilicons.so.0 .libs/libanasilicons.so.0.0.0
libtool: link: g++  -fPIC -DPIC -shared -nostdlib /usr/lib/gcc/x86_64-redhat-linux/8/../../../../lib64/crti.o /usr/lib/gcc/x86_64-redhat-linux/8/crtbeginS.o  .libs/anasilicons_dict.o  src/TArtSILICONSParameters.o src/TArtCalibSILICONS.o   -L/opt/root_6.16.0/lib -lGui -lCore -lImt -lRIO -lNet -lHist -lGraf -lGraf3d -lGpad -lROOTVecOps -lTree -lTreePlayer -lRint -lPostscript -lMatrix -lPhysics -lMathCore -lThread -lMultiProc -lROOTDataFrame -ldl -L/usr/lib/gcc/x86_64-redhat-linux/8 -L/usr/lib/gcc/x86_64-redhat-linux/8/../../../../lib64 -L/lib/../lib64 -L/usr/lib/../lib64 -L/usr/lib/gcc/x86_64-redhat-linux/8/../../.. -lstdc++ -lm -lc -lgcc_s /usr/lib/gcc/x86_64-redhat-linux/8/crtendS.o /usr/lib/gcc/x86_64-redhat-linux/8/../../../../lib64/crtn.o  -pthread -m64 -pthread -pthread   -pthread -Wl,-soname -Wl,libanasilicons.so.0 -o .libs/libanasilicons.so.0.0.0
libtool: link: (cd ".libs" && rm -f "libanasilicons.so.0" && ln -s "libanasilicons.so.0.0.0" "libanasilicons.so.0")
libtool: link: (cd ".libs" && rm -f "libanasilicons.so" && ln -s "libanasilicons.so.0.0.0" "libanasilicons.so")
libtool: link: ( cd ".libs" && rm -f "libanasilicons.la" && ln -s "../libanasilicons.la" "libanasilicons.la" )
make[3]: Leaving directory '/home/quser/src/anaroot/sources/Reconstruction/SILICONS'
make[3]: Entering directory '/home/quser/src/anaroot/sources/Reconstruction'
make[3]: Nothing to be done for 'all-am'.
make[3]: Leaving directory '/home/quser/src/anaroot/sources/Reconstruction'
make[2]: Leaving directory '/home/quser/src/anaroot/sources/Reconstruction'
Making all in Nadeko
make[2]: Entering directory '/home/quser/src/anaroot/sources/Nadeko'
g++ -fPIC -Iinclude -pthread -std=c++11 -m64 -I/opt/root_6.16.0/include -g -Wall   -c -o src/TArtAlias.o src/TArtAlias.cc
g++ -fPIC -Iinclude -pthread -std=c++11 -m64 -I/opt/root_6.16.0/include -g -Wall   -c -o src/TArtSimpleFunction.o src/TArtSimpleFunction.cc
g++ -fPIC -Iinclude -pthread -std=c++11 -m64 -I/opt/root_6.16.0/include -g -Wall   -c -o src/TArtExec.o src/TArtExec.cc
g++ -fPIC -Iinclude -pthread -std=c++11 -m64 -I/opt/root_6.16.0/include -g -Wall   -c -o src/TArtObjLinkManager.o src/TArtObjLinkManager.cc
g++ -fPIC -Iinclude -pthread -std=c++11 -m64 -I/opt/root_6.16.0/include -g -Wall   -c -o src/TArtCanvasManager.o src/TArtCanvasManager.cc
g++ -fPIC -Iinclude -pthread -std=c++11 -m64 -I/opt/root_6.16.0/include -g -Wall   -c -o src/TArtGlobal.o src/TArtGlobal.cc
g++ -fPIC -Iinclude -pthread -std=c++11 -m64 -I/opt/root_6.16.0/include -g -Wall   -c -o src/TArtHistManager.o src/TArtHistManager.cc
g++ -fPIC -Iinclude -pthread -std=c++11 -m64 -I/opt/root_6.16.0/include -g -Wall   -c -o src/TArtTreeManager.o src/TArtTreeManager.cc
/bin/sh ../../libtool  --tag=CXX   --mode=link g++  -fPIC -Iinclude -pthread -std=c++11 -m64 -I/opt/root_6.16.0/include -g -Wall -L/opt/root_6.16.0/lib -lGui -lCore -lImt -lRIO -lNet -lHist -lGraf -lGraf3d -lGpad -lROOTVecOps -lTree -lTreePlayer -lRint -lPostscript -lMatrix -lPhysics -lMathCore -lThread -lMultiProc -lROOTDataFrame -pthread -lm -ldl -rdynamic  -L/opt/root_6.16.0/lib -lGui -lCore -lImt -lRIO -lNet -lHist -lGraf -lGraf3d -lGpad -lROOTVecOps -lTree -lTreePlayer -lRint -lPostscript -lMatrix -lPhysics -lMathCore -lThread -lMultiProc -lROOTDataFrame -pthread -lm -ldl -rdynamic  -o libananadeko.la -rpath /opt/anaroot/lib  ananadeko_dict.lo src/TArtAlias.o src/TArtSimpleFunction.o src/TArtExec.o src/TArtObjLinkManager.o src/TArtCanvasManager.o src/TArtGlobal.o src/TArtHistManager.o src/TArtTreeManager.o 

*** Warning: Linking the shared library libananadeko.la against the non-libtool
*** objects  src/TArtAlias.o src/TArtSimpleFunction.o src/TArtExec.o src/TArtObjLinkManager.o src/TArtCanvasManager.o src/TArtGlobal.o src/TArtHistManager.o src/TArtTreeManager.o is not portable!
libtool: link: rm -fr  .libs/libananadeko.la .libs/libananadeko.lai .libs/libananadeko.so .libs/libananadeko.so.0 .libs/libananadeko.so.0.0.0
libtool: link: g++  -fPIC -DPIC -shared -nostdlib /usr/lib/gcc/x86_64-redhat-linux/8/../../../../lib64/crti.o /usr/lib/gcc/x86_64-redhat-linux/8/crtbeginS.o  .libs/ananadeko_dict.o  src/TArtAlias.o src/TArtSimpleFunction.o src/TArtExec.o src/TArtObjLinkManager.o src/TArtCanvasManager.o src/TArtGlobal.o src/TArtHistManager.o src/TArtTreeManager.o   -L/opt/root_6.16.0/lib -lGui -lCore -lImt -lRIO -lNet -lHist -lGraf -lGraf3d -lGpad -lROOTVecOps -lTree -lTreePlayer -lRint -lPostscript -lMatrix -lPhysics -lMathCore -lThread -lMultiProc -lROOTDataFrame -ldl -L/usr/lib/gcc/x86_64-redhat-linux/8 -L/usr/lib/gcc/x86_64-redhat-linux/8/../../../../lib64 -L/lib/../lib64 -L/usr/lib/../lib64 -L/usr/lib/gcc/x86_64-redhat-linux/8/../../.. -lstdc++ -lm -lc -lgcc_s /usr/lib/gcc/x86_64-redhat-linux/8/crtendS.o /usr/lib/gcc/x86_64-redhat-linux/8/../../../../lib64/crtn.o  -pthread -m64 -g -pthread -pthread   -pthread -Wl,-soname -Wl,libananadeko.so.0 -o .libs/libananadeko.so.0.0.0
libtool: link: (cd ".libs" && rm -f "libananadeko.so.0" && ln -s "libananadeko.so.0.0.0" "libananadeko.so.0")
libtool: link: (cd ".libs" && rm -f "libananadeko.so" && ln -s "libananadeko.so.0.0.0" "libananadeko.so")
libtool: link: ( cd ".libs" && rm -f "libananadeko.la" && ln -s "../libananadeko.la" "libananadeko.la" )
make[2]: Leaving directory '/home/quser/src/anaroot/sources/Nadeko'
Making all in AnaLoop
make[2]: Entering directory '/home/quser/src/anaroot/sources/AnaLoop'
Making all in Core
make[3]: Entering directory '/home/quser/src/anaroot/sources/AnaLoop/Core'
g++ -fPIC -Iinclude -pthread -std=c++11 -m64 -I/opt/root_6.16.0/include -g -Wall  -I../../Core/include -I../../Nadeko/include   -c -o src/TAlEncHist.o src/TAlEncHist.cc
g++ -fPIC -Iinclude -pthread -std=c++11 -m64 -I/opt/root_6.16.0/include -g -Wall  -I../../Core/include -I../../Nadeko/include   -c -o src/TAlEncBranch.o src/TAlEncBranch.cc
g++ -fPIC -Iinclude -pthread -std=c++11 -m64 -I/opt/root_6.16.0/include -g -Wall  -I../../Core/include -I../../Nadeko/include   -c -o src/TArtAnaLoop.o src/TArtAnaLoop.cc
g++ -fPIC -Iinclude -pthread -std=c++11 -m64 -I/opt/root_6.16.0/include -g -Wall  -I../../Core/include -I../../Nadeko/include   -c -o src/TAlRawDataExample.o src/TAlRawDataExample.cc
g++ -fPIC -Iinclude -pthread -std=c++11 -m64 -I/opt/root_6.16.0/include -g -Wall  -I../../Core/include -I../../Nadeko/include   -c -o src/TArtAnaLoopManager.o src/TArtAnaLoopManager.cc
g++ -fPIC -Iinclude -pthread -std=c++11 -m64 -I/opt/root_6.16.0/include -g -Wall  -I../../Core/include -I../../Nadeko/include   -c -o src/TAlEncSub.o src/TAlEncSub.cc
g++ -fPIC -Iinclude -pthread -std=c++11 -m64 -I/opt/root_6.16.0/include -g -Wall  -I../../Core/include -I../../Nadeko/include   -c -o src/TArtAnaClock.o src/TArtAnaClock.cc
g++ -fPIC -Iinclude -pthread -std=c++11 -m64 -I/opt/root_6.16.0/include -g -Wall  -I../../Core/include -I../../Nadeko/include   -c -o src/TArtAnaFile.o src/TArtAnaFile.cc
g++ -fPIC -Iinclude -pthread -std=c++11 -m64 -I/opt/root_6.16.0/include -g -Wall  -I../../Core/include -I../../Nadeko/include   -c -o src/TAlEncStop.o src/TAlEncStop.cc
g++ -fPIC -Iinclude -pthread -std=c++11 -m64 -I/opt/root_6.16.0/include -g -Wall  -I../../Core/include -I../../Nadeko/include   -c -o src/TAlEncFillTree.o src/TAlEncFillTree.cc
g++ -fPIC -Iinclude -pthread -std=c++11 -m64 -I/opt/root_6.16.0/include -g -Wall  -I../../Core/include -I../../Nadeko/include   -c -o src/TAlEncGate.o src/TAlEncGate.cc
g++ -fPIC -Iinclude -pthread -std=c++11 -m64 -I/opt/root_6.16.0/include -g -Wall  -I../../Core/include -I../../Nadeko/include   -c -o src/TAlEncPrint.o src/TAlEncPrint.cc
/bin/sh ../../../libtool  --tag=CXX   --mode=link g++  -fPIC -Iinclude -pthread -std=c++11 -m64 -I/opt/root_6.16.0/include -g -Wall  -I../../Core/include -I../../Nadeko/include -L/opt/root_6.16.0/lib -lGui -lCore -lImt -lRIO -lNet -lHist -lGraf -lGraf3d -lGpad -lROOTVecOps -lTree -lTreePlayer -lRint -lPostscript -lMatrix -lPhysics -lMathCore -lThread -lMultiProc -lROOTDataFrame -pthread -lm -ldl -rdynamic -L/opt/root_6.16.0/lib -lGui -lCore -lImt -lRIO -lNet -lHist -lGraf -lGraf3d -lGpad -lROOTVecOps -lTree -lTreePlayer -lRint -lPostscript -lMatrix -lPhysics -lMathCore -lThread -lMultiProc -lROOTDataFrame -pthread -lm -ldl -rdynamic -o libanaloop.la -rpath /opt/anaroot/lib  analoop_dict.lo src/TAlEncHist.o src/TAlEncBranch.o src/TArtAnaLoop.o src/TAlRawDataExample.o src/TArtAnaLoopManager.o src/TAlEncSub.o src/TArtAnaClock.o src/TArtAnaFile.o src/TAlEncStop.o src/TAlEncFillTree.o src/TAlEncGate.o src/TAlEncPrint.o 

*** Warning: Linking the shared library libanaloop.la against the non-libtool
*** objects  src/TAlEncHist.o src/TAlEncBranch.o src/TArtAnaLoop.o src/TAlRawDataExample.o src/TArtAnaLoopManager.o src/TAlEncSub.o src/TArtAnaClock.o src/TArtAnaFile.o src/TAlEncStop.o src/TAlEncFillTree.o src/TAlEncGate.o src/TAlEncPrint.o is not portable!
libtool: link: rm -fr  .libs/libanaloop.la .libs/libanaloop.lai .libs/libanaloop.so .libs/libanaloop.so.0 .libs/libanaloop.so.0.0.0
libtool: link: g++  -fPIC -DPIC -shared -nostdlib /usr/lib/gcc/x86_64-redhat-linux/8/../../../../lib64/crti.o /usr/lib/gcc/x86_64-redhat-linux/8/crtbeginS.o  .libs/analoop_dict.o  src/TAlEncHist.o src/TAlEncBranch.o src/TArtAnaLoop.o src/TAlRawDataExample.o src/TArtAnaLoopManager.o src/TAlEncSub.o src/TArtAnaClock.o src/TArtAnaFile.o src/TAlEncStop.o src/TAlEncFillTree.o src/TAlEncGate.o src/TAlEncPrint.o   -L/opt/root_6.16.0/lib -lGui -lCore -lImt -lRIO -lNet -lHist -lGraf -lGraf3d -lGpad -lROOTVecOps -lTree -lTreePlayer -lRint -lPostscript -lMatrix -lPhysics -lMathCore -lThread -lMultiProc -lROOTDataFrame -ldl -L/usr/lib/gcc/x86_64-redhat-linux/8 -L/usr/lib/gcc/x86_64-redhat-linux/8/../../../../lib64 -L/lib/../lib64 -L/usr/lib/../lib64 -L/usr/lib/gcc/x86_64-redhat-linux/8/../../.. -lstdc++ -lm -lc -lgcc_s /usr/lib/gcc/x86_64-redhat-linux/8/crtendS.o /usr/lib/gcc/x86_64-redhat-linux/8/../../../../lib64/crtn.o  -pthread -m64 -g -pthread -pthread   -pthread -Wl,-soname -Wl,libanaloop.so.0 -o .libs/libanaloop.so.0.0.0
libtool: link: (cd ".libs" && rm -f "libanaloop.so.0" && ln -s "libanaloop.so.0.0.0" "libanaloop.so.0")
libtool: link: (cd ".libs" && rm -f "libanaloop.so" && ln -s "libanaloop.so.0.0.0" "libanaloop.so")
libtool: link: ( cd ".libs" && rm -f "libanaloop.la" && ln -s "../libanaloop.la" "libanaloop.la" )
make[3]: Leaving directory '/home/quser/src/anaroot/sources/AnaLoop/Core'
Making all in Example
make[3]: Entering directory '/home/quser/src/anaroot/sources/AnaLoop/Example'
g++ -fPIC -Iinclude -pthread -std=c++11 -m64 -I/opt/root_6.16.0/include -g -Wall  -I../Core/include -I../../Core/include -I../../Nadeko/include -I../../Reconstruction/WINDS/include -I../../Reconstruction/DALI/include -I../../Reconstruction/MINOS/include -I../../Reconstruction/BigRIPS/include -I../../Reconstruction/CATANA/include -I../../Reconstruction/SILICONS/include -I../../Reconstruction/SAMURAI/include -I../../Reconstruction/ESPRI/include   -c -o src/TAlSAMURAIHODExample.o src/TAlSAMURAIHODExample.cc
g++ -fPIC -Iinclude -pthread -std=c++11 -m64 -I/opt/root_6.16.0/include -g -Wall  -I../Core/include -I../../Core/include -I../../Nadeko/include -I../../Reconstruction/WINDS/include -I../../Reconstruction/DALI/include -I../../Reconstruction/MINOS/include -I../../Reconstruction/BigRIPS/include -I../../Reconstruction/CATANA/include -I../../Reconstruction/SILICONS/include -I../../Reconstruction/SAMURAI/include -I../../Reconstruction/ESPRI/include   -c -o src/TAlGeExample.o src/TAlGeExample.cc
g++ -fPIC -Iinclude -pthread -std=c++11 -m64 -I/opt/root_6.16.0/include -g -Wall  -I../Core/include -I../../Core/include -I../../Nadeko/include -I../../Reconstruction/WINDS/include -I../../Reconstruction/DALI/include -I../../Reconstruction/MINOS/include -I../../Reconstruction/BigRIPS/include -I../../Reconstruction/CATANA/include -I../../Reconstruction/SILICONS/include -I../../Reconstruction/SAMURAI/include -I../../Reconstruction/ESPRI/include   -c -o src/TAlBigRIPSExample.o src/TAlBigRIPSExample.cc
g++ -fPIC -Iinclude -pthread -std=c++11 -m64 -I/opt/root_6.16.0/include -g -Wall  -I../Core/include -I../../Core/include -I../../Nadeko/include -I../../Reconstruction/WINDS/include -I../../Reconstruction/DALI/include -I../../Reconstruction/MINOS/include -I../../Reconstruction/BigRIPS/include -I../../Reconstruction/CATANA/include -I../../Reconstruction/SILICONS/include -I../../Reconstruction/SAMURAI/include -I../../Reconstruction/ESPRI/include   -c -o src/TAlDALIExample.o src/TAlDALIExample.cc
g++ -fPIC -Iinclude -pthread -std=c++11 -m64 -I/opt/root_6.16.0/include -g -Wall  -I../Core/include -I../../Core/include -I../../Nadeko/include -I../../Reconstruction/WINDS/include -I../../Reconstruction/DALI/include -I../../Reconstruction/MINOS/include -I../../Reconstruction/BigRIPS/include -I../../Reconstruction/CATANA/include -I../../Reconstruction/SILICONS/include -I../../Reconstruction/SAMURAI/include -I../../Reconstruction/ESPRI/include   -c -o src/TAlWINDSExample.o src/TAlWINDSExample.cc
g++ -fPIC -Iinclude -pthread -std=c++11 -m64 -I/opt/root_6.16.0/include -g -Wall  -I../Core/include -I../../Core/include -I../../Nadeko/include -I../../Reconstruction/WINDS/include -I../../Reconstruction/DALI/include -I../../Reconstruction/MINOS/include -I../../Reconstruction/BigRIPS/include -I../../Reconstruction/CATANA/include -I../../Reconstruction/SILICONS/include -I../../Reconstruction/SAMURAI/include -I../../Reconstruction/ESPRI/include   -c -o src/TAlSAMURAIExample.o src/TAlSAMURAIExample.cc
g++ -fPIC -Iinclude -pthread -std=c++11 -m64 -I/opt/root_6.16.0/include -g -Wall  -I../Core/include -I../../Core/include -I../../Nadeko/include -I../../Reconstruction/WINDS/include -I../../Reconstruction/DALI/include -I../../Reconstruction/MINOS/include -I../../Reconstruction/BigRIPS/include -I../../Reconstruction/CATANA/include -I../../Reconstruction/SILICONS/include -I../../Reconstruction/SAMURAI/include -I../../Reconstruction/ESPRI/include   -c -o src/TAlSAMURAIDCExample.o src/TAlSAMURAIDCExample.cc
/bin/sh ../../../libtool  --tag=CXX   --mode=link g++  -fPIC -Iinclude -pthread -std=c++11 -m64 -I/opt/root_6.16.0/include -g -Wall  -I../Core/include -I../../Core/include -I../../Nadeko/include -I../../Reconstruction/WINDS/include -I../../Reconstruction/DALI/include -I../../Reconstruction/MINOS/include -I../../Reconstruction/BigRIPS/include -I../../Reconstruction/CATANA/include -I../../Reconstruction/SILICONS/include -I../../Reconstruction/SAMURAI/include -I../../Reconstruction/ESPRI/include -L/opt/root_6.16.0/lib -lGui -lCore -lImt -lRIO -lNet -lHist -lGraf -lGraf3d -lGpad -lROOTVecOps -lTree -lTreePlayer -lRint -lPostscript -lMatrix -lPhysics -lMathCore -lThread -lMultiProc -lROOTDataFrame -pthread -lm -ldl -rdynamic -L/opt/root_6.16.0/lib -lGui -lCore -lImt -lRIO -lNet -lHist -lGraf -lGraf3d -lGpad -lROOTVecOps -lTree -lTreePlayer -lRint -lPostscript -lMatrix -lPhysics -lMathCore -lThread -lMultiProc -lROOTDataFrame -pthread -lm -ldl -rdynamic -o libanaloopexample.la -rpath /opt/anaroot/lib  analoopexample_dict.lo src/TAlSAMURAIHODExample.o src/TAlGeExample.o src/TAlBigRIPSExample.o src/TAlDALIExample.o src/TAlWINDSExample.o src/TAlSAMURAIExample.o src/TAlSAMURAIDCExample.o 

*** Warning: Linking the shared library libanaloopexample.la against the non-libtool
*** objects  src/TAlSAMURAIHODExample.o src/TAlGeExample.o src/TAlBigRIPSExample.o src/TAlDALIExample.o src/TAlWINDSExample.o src/TAlSAMURAIExample.o src/TAlSAMURAIDCExample.o is not portable!
libtool: link: rm -fr  .libs/libanaloopexample.la .libs/libanaloopexample.lai .libs/libanaloopexample.so .libs/libanaloopexample.so.0 .libs/libanaloopexample.so.0.0.0
libtool: link: g++  -fPIC -DPIC -shared -nostdlib /usr/lib/gcc/x86_64-redhat-linux/8/../../../../lib64/crti.o /usr/lib/gcc/x86_64-redhat-linux/8/crtbeginS.o  .libs/analoopexample_dict.o  src/TAlSAMURAIHODExample.o src/TAlGeExample.o src/TAlBigRIPSExample.o src/TAlDALIExample.o src/TAlWINDSExample.o src/TAlSAMURAIExample.o src/TAlSAMURAIDCExample.o   -L/opt/root_6.16.0/lib -lGui -lCore -lImt -lRIO -lNet -lHist -lGraf -lGraf3d -lGpad -lROOTVecOps -lTree -lTreePlayer -lRint -lPostscript -lMatrix -lPhysics -lMathCore -lThread -lMultiProc -lROOTDataFrame -ldl -L/usr/lib/gcc/x86_64-redhat-linux/8 -L/usr/lib/gcc/x86_64-redhat-linux/8/../../../../lib64 -L/lib/../lib64 -L/usr/lib/../lib64 -L/usr/lib/gcc/x86_64-redhat-linux/8/../../.. -lstdc++ -lm -lc -lgcc_s /usr/lib/gcc/x86_64-redhat-linux/8/crtendS.o /usr/lib/gcc/x86_64-redhat-linux/8/../../../../lib64/crtn.o  -pthread -m64 -g -pthread -pthread   -pthread -Wl,-soname -Wl,libanaloopexample.so.0 -o .libs/libanaloopexample.so.0.0.0
libtool: link: (cd ".libs" && rm -f "libanaloopexample.so.0" && ln -s "libanaloopexample.so.0.0.0" "libanaloopexample.so.0")
libtool: link: (cd ".libs" && rm -f "libanaloopexample.so" && ln -s "libanaloopexample.so.0.0.0" "libanaloopexample.so")
libtool: link: ( cd ".libs" && rm -f "libanaloopexample.la" && ln -s "../libanaloopexample.la" "libanaloopexample.la" )
make[3]: Leaving directory '/home/quser/src/anaroot/sources/AnaLoop/Example'
Making all in EncExample
make[3]: Entering directory '/home/quser/src/anaroot/sources/AnaLoop/EncExample'
g++ -fPIC -Iinclude -pthread -std=c++11 -m64 -I/opt/root_6.16.0/include -g -Wall -I../Core/include -I../../Core/include -I../../Nadeko/include -I../../Reconstruction/WINDS/include -I../../Reconstruction/DALI/include -I../../Reconstruction/MINOS/include -I../../Reconstruction/BigRIPS/include -I../../Reconstruction/CATANA/include -I../../Reconstruction/SILICONS/include -I../../Reconstruction/SAMURAI/include -I../../Reconstruction/ESPRI/include    -c -o src/TAlEncPlasticExample.o src/TAlEncPlasticExample.cc
g++ -fPIC -Iinclude -pthread -std=c++11 -m64 -I/opt/root_6.16.0/include -g -Wall -I../Core/include -I../../Core/include -I../../Nadeko/include -I../../Reconstruction/WINDS/include -I../../Reconstruction/DALI/include -I../../Reconstruction/MINOS/include -I../../Reconstruction/BigRIPS/include -I../../Reconstruction/CATANA/include -I../../Reconstruction/SILICONS/include -I../../Reconstruction/SAMURAI/include -I../../Reconstruction/ESPRI/include    -c -o src/TAlEncSAMURAITZeroExample.o src/TAlEncSAMURAITZeroExample.cc
g++ -fPIC -Iinclude -pthread -std=c++11 -m64 -I/opt/root_6.16.0/include -g -Wall -I../Core/include -I../../Core/include -I../../Nadeko/include -I../../Reconstruction/WINDS/include -I../../Reconstruction/DALI/include -I../../Reconstruction/MINOS/include -I../../Reconstruction/BigRIPS/include -I../../Reconstruction/CATANA/include -I../../Reconstruction/SILICONS/include -I../../Reconstruction/SAMURAI/include -I../../Reconstruction/ESPRI/include    -c -o src/TAlEncSAMURAIPlaExample.o src/TAlEncSAMURAIPlaExample.cc
g++ -fPIC -Iinclude -pthread -std=c++11 -m64 -I/opt/root_6.16.0/include -g -Wall -I../Core/include -I../../Core/include -I../../Nadeko/include -I../../Reconstruction/WINDS/include -I../../Reconstruction/DALI/include -I../../Reconstruction/MINOS/include -I../../Reconstruction/BigRIPS/include -I../../Reconstruction/CATANA/include -I../../Reconstruction/SILICONS/include -I../../Reconstruction/SAMURAI/include -I../../Reconstruction/ESPRI/include    -c -o src/TAlEncSAMURAINeutronExample.o src/TAlEncSAMURAINeutronExample.cc
g++ -fPIC -Iinclude -pthread -std=c++11 -m64 -I/opt/root_6.16.0/include -g -Wall -I../Core/include -I../../Core/include -I../../Nadeko/include -I../../Reconstruction/WINDS/include -I../../Reconstruction/DALI/include -I../../Reconstruction/MINOS/include -I../../Reconstruction/BigRIPS/include -I../../Reconstruction/CATANA/include -I../../Reconstruction/SILICONS/include -I../../Reconstruction/SAMURAI/include -I../../Reconstruction/ESPRI/include    -c -o src/TAlEncCATANAExample.o src/TAlEncCATANAExample.cc
g++ -fPIC -Iinclude -pthread -std=c++11 -m64 -I/opt/root_6.16.0/include -g -Wall -I../Core/include -I../../Core/include -I../../Nadeko/include -I../../Reconstruction/WINDS/include -I../../Reconstruction/DALI/include -I../../Reconstruction/MINOS/include -I../../Reconstruction/BigRIPS/include -I../../Reconstruction/CATANA/include -I../../Reconstruction/SILICONS/include -I../../Reconstruction/SAMURAI/include -I../../Reconstruction/ESPRI/include    -c -o src/TAlEncRPTOFExample.o src/TAlEncRPTOFExample.cc
g++ -fPIC -Iinclude -pthread -std=c++11 -m64 -I/opt/root_6.16.0/include -g -Wall -I../Core/include -I../../Core/include -I../../Nadeko/include -I../../Reconstruction/WINDS/include -I../../Reconstruction/DALI/include -I../../Reconstruction/MINOS/include -I../../Reconstruction/BigRIPS/include -I../../Reconstruction/CATANA/include -I../../Reconstruction/SILICONS/include -I../../Reconstruction/SAMURAI/include -I../../Reconstruction/ESPRI/include    -c -o src/TAlEncWINDSExample.o src/TAlEncWINDSExample.cc
g++ -fPIC -Iinclude -pthread -std=c++11 -m64 -I/opt/root_6.16.0/include -g -Wall -I../Core/include -I../../Core/include -I../../Nadeko/include -I../../Reconstruction/WINDS/include -I../../Reconstruction/DALI/include -I../../Reconstruction/MINOS/include -I../../Reconstruction/BigRIPS/include -I../../Reconstruction/CATANA/include -I../../Reconstruction/SILICONS/include -I../../Reconstruction/SAMURAI/include -I../../Reconstruction/ESPRI/include    -c -o src/TAlEncGlobalExample.o src/TAlEncGlobalExample.cc
g++ -fPIC -Iinclude -pthread -std=c++11 -m64 -I/opt/root_6.16.0/include -g -Wall -I../Core/include -I../../Core/include -I../../Nadeko/include -I../../Reconstruction/WINDS/include -I../../Reconstruction/DALI/include -I../../Reconstruction/MINOS/include -I../../Reconstruction/BigRIPS/include -I../../Reconstruction/CATANA/include -I../../Reconstruction/SILICONS/include -I../../Reconstruction/SAMURAI/include -I../../Reconstruction/ESPRI/include    -c -o src/TAlEncSAMURAIICExample.o src/TAlEncSAMURAIICExample.cc
g++ -fPIC -Iinclude -pthread -std=c++11 -m64 -I/opt/root_6.16.0/include -g -Wall -I../Core/include -I../../Core/include -I../../Nadeko/include -I../../Reconstruction/WINDS/include -I../../Reconstruction/DALI/include -I../../Reconstruction/MINOS/include -I../../Reconstruction/BigRIPS/include -I../../Reconstruction/CATANA/include -I../../Reconstruction/SILICONS/include -I../../Reconstruction/SAMURAI/include -I../../Reconstruction/ESPRI/include    -c -o src/TAlEncMatrixExample.o src/TAlEncMatrixExample.cc
g++ -fPIC -Iinclude -pthread -std=c++11 -m64 -I/opt/root_6.16.0/include -g -Wall -I../Core/include -I../../Core/include -I../../Nadeko/include -I../../Reconstruction/WINDS/include -I../../Reconstruction/DALI/include -I../../Reconstruction/MINOS/include -I../../Reconstruction/BigRIPS/include -I../../Reconstruction/CATANA/include -I../../Reconstruction/SILICONS/include -I../../Reconstruction/SAMURAI/include -I../../Reconstruction/ESPRI/include    -c -o src/TAlEncPIDExample.o src/TAlEncPIDExample.cc
g++ -fPIC -Iinclude -pthread -std=c++11 -m64 -I/opt/root_6.16.0/include -g -Wall -I../Core/include -I../../Core/include -I../../Nadeko/include -I../../Reconstruction/WINDS/include -I../../Reconstruction/DALI/include -I../../Reconstruction/MINOS/include -I../../Reconstruction/BigRIPS/include -I../../Reconstruction/CATANA/include -I../../Reconstruction/SILICONS/include -I../../Reconstruction/SAMURAI/include -I../../Reconstruction/ESPRI/include    -c -o src/TAlEncRawDataExample.o src/TAlEncRawDataExample.cc
g++ -fPIC -Iinclude -pthread -std=c++11 -m64 -I/opt/root_6.16.0/include -g -Wall -I../Core/include -I../../Core/include -I../../Nadeko/include -I../../Reconstruction/WINDS/include -I../../Reconstruction/DALI/include -I../../Reconstruction/MINOS/include -I../../Reconstruction/BigRIPS/include -I../../Reconstruction/CATANA/include -I../../Reconstruction/SILICONS/include -I../../Reconstruction/SAMURAI/include -I../../Reconstruction/ESPRI/include    -c -o src/TAlEncSAMURAIDCExample.o src/TAlEncSAMURAIDCExample.cc
g++ -fPIC -Iinclude -pthread -std=c++11 -m64 -I/opt/root_6.16.0/include -g -Wall -I../Core/include -I../../Core/include -I../../Nadeko/include -I../../Reconstruction/WINDS/include -I../../Reconstruction/DALI/include -I../../Reconstruction/MINOS/include -I../../Reconstruction/BigRIPS/include -I../../Reconstruction/CATANA/include -I../../Reconstruction/SILICONS/include -I../../Reconstruction/SAMURAI/include -I../../Reconstruction/ESPRI/include    -c -o src/TAlEncExample.o src/TAlEncExample.cc
g++ -fPIC -Iinclude -pthread -std=c++11 -m64 -I/opt/root_6.16.0/include -g -Wall -I../Core/include -I../../Core/include -I../../Nadeko/include -I../../Reconstruction/WINDS/include -I../../Reconstruction/DALI/include -I../../Reconstruction/MINOS/include -I../../Reconstruction/BigRIPS/include -I../../Reconstruction/CATANA/include -I../../Reconstruction/SILICONS/include -I../../Reconstruction/SAMURAI/include -I../../Reconstruction/ESPRI/include    -c -o src/TAlEncRPDCExample.o src/TAlEncRPDCExample.cc
g++ -fPIC -Iinclude -pthread -std=c++11 -m64 -I/opt/root_6.16.0/include -g -Wall -I../Core/include -I../../Core/include -I../../Nadeko/include -I../../Reconstruction/WINDS/include -I../../Reconstruction/DALI/include -I../../Reconstruction/MINOS/include -I../../Reconstruction/BigRIPS/include -I../../Reconstruction/CATANA/include -I../../Reconstruction/SILICONS/include -I../../Reconstruction/SAMURAI/include -I../../Reconstruction/ESPRI/include    -c -o src/TAlEncPPACExample.o src/TAlEncPPACExample.cc
g++ -fPIC -Iinclude -pthread -std=c++11 -m64 -I/opt/root_6.16.0/include -g -Wall -I../Core/include -I../../Core/include -I../../Nadeko/include -I../../Reconstruction/WINDS/include -I../../Reconstruction/DALI/include -I../../Reconstruction/MINOS/include -I../../Reconstruction/BigRIPS/include -I../../Reconstruction/CATANA/include -I../../Reconstruction/SILICONS/include -I../../Reconstruction/SAMURAI/include -I../../Reconstruction/ESPRI/include    -c -o src/TAlEncNeuLANDExample.o src/TAlEncNeuLANDExample.cc
g++ -fPIC -Iinclude -pthread -std=c++11 -m64 -I/opt/root_6.16.0/include -g -Wall -I../Core/include -I../../Core/include -I../../Nadeko/include -I../../Reconstruction/WINDS/include -I../../Reconstruction/DALI/include -I../../Reconstruction/MINOS/include -I../../Reconstruction/BigRIPS/include -I../../Reconstruction/CATANA/include -I../../Reconstruction/SILICONS/include -I../../Reconstruction/SAMURAI/include -I../../Reconstruction/ESPRI/include    -c -o src/TAlEncNEBULAHPCExample.o src/TAlEncNEBULAHPCExample.cc
g++ -fPIC -Iinclude -pthread -std=c++11 -m64 -I/opt/root_6.16.0/include -g -Wall -I../Core/include -I../../Core/include -I../../Nadeko/include -I../../Reconstruction/WINDS/include -I../../Reconstruction/DALI/include -I../../Reconstruction/MINOS/include -I../../Reconstruction/BigRIPS/include -I../../Reconstruction/CATANA/include -I../../Reconstruction/SILICONS/include -I../../Reconstruction/SAMURAI/include -I../../Reconstruction/ESPRI/include    -c -o src/TAlEncNEBULAExample.o src/TAlEncNEBULAExample.cc
g++ -fPIC -Iinclude -pthread -std=c++11 -m64 -I/opt/root_6.16.0/include -g -Wall -I../Core/include -I../../Core/include -I../../Nadeko/include -I../../Reconstruction/WINDS/include -I../../Reconstruction/DALI/include -I../../Reconstruction/MINOS/include -I../../Reconstruction/BigRIPS/include -I../../Reconstruction/CATANA/include -I../../Reconstruction/SILICONS/include -I../../Reconstruction/SAMURAI/include -I../../Reconstruction/ESPRI/include    -c -o src/TAlEncSAMURAIHODExample.o src/TAlEncSAMURAIHODExample.cc
g++ -fPIC -Iinclude -pthread -std=c++11 -m64 -I/opt/root_6.16.0/include -g -Wall -I../Core/include -I../../Core/include -I../../Nadeko/include -I../../Reconstruction/WINDS/include -I../../Reconstruction/DALI/include -I../../Reconstruction/MINOS/include -I../../Reconstruction/BigRIPS/include -I../../Reconstruction/CATANA/include -I../../Reconstruction/SILICONS/include -I../../Reconstruction/SAMURAI/include -I../../Reconstruction/ESPRI/include    -c -o src/TAlEncHIMEExample.o src/TAlEncHIMEExample.cc
g++ -fPIC -Iinclude -pthread -std=c++11 -m64 -I/opt/root_6.16.0/include -g -Wall -I../Core/include -I../../Core/include -I../../Nadeko/include -I../../Reconstruction/WINDS/include -I../../Reconstruction/DALI/include -I../../Reconstruction/MINOS/include -I../../Reconstruction/BigRIPS/include -I../../Reconstruction/CATANA/include -I../../Reconstruction/SILICONS/include -I../../Reconstruction/SAMURAI/include -I../../Reconstruction/ESPRI/include    -c -o src/TAlEncESPRIExample.o src/TAlEncESPRIExample.cc
g++ -fPIC -Iinclude -pthread -std=c++11 -m64 -I/opt/root_6.16.0/include -g -Wall -I../Core/include -I../../Core/include -I../../Nadeko/include -I../../Reconstruction/WINDS/include -I../../Reconstruction/DALI/include -I../../Reconstruction/MINOS/include -I../../Reconstruction/BigRIPS/include -I../../Reconstruction/CATANA/include -I../../Reconstruction/SILICONS/include -I../../Reconstruction/SAMURAI/include -I../../Reconstruction/ESPRI/include    -c -o src/TAlEncSAMURAITEDExample.o src/TAlEncSAMURAITEDExample.cc
g++ -fPIC -Iinclude -pthread -std=c++11 -m64 -I/opt/root_6.16.0/include -g -Wall -I../Core/include -I../../Core/include -I../../Nadeko/include -I../../Reconstruction/WINDS/include -I../../Reconstruction/DALI/include -I../../Reconstruction/MINOS/include -I../../Reconstruction/BigRIPS/include -I../../Reconstruction/CATANA/include -I../../Reconstruction/SILICONS/include -I../../Reconstruction/SAMURAI/include -I../../Reconstruction/ESPRI/include    -c -o src/TAlEncSAMURAIFrag.o src/TAlEncSAMURAIFrag.cc
g++ -fPIC -Iinclude -pthread -std=c++11 -m64 -I/opt/root_6.16.0/include -g -Wall -I../Core/include -I../../Core/include -I../../Nadeko/include -I../../Reconstruction/WINDS/include -I../../Reconstruction/DALI/include -I../../Reconstruction/MINOS/include -I../../Reconstruction/BigRIPS/include -I../../Reconstruction/CATANA/include -I../../Reconstruction/SILICONS/include -I../../Reconstruction/SAMURAI/include -I../../Reconstruction/ESPRI/include    -c -o src/TAlEncNINJAExample.o src/TAlEncNINJAExample.cc
g++ -fPIC -Iinclude -pthread -std=c++11 -m64 -I/opt/root_6.16.0/include -g -Wall -I../Core/include -I../../Core/include -I../../Nadeko/include -I../../Reconstruction/WINDS/include -I../../Reconstruction/DALI/include -I../../Reconstruction/MINOS/include -I../../Reconstruction/BigRIPS/include -I../../Reconstruction/CATANA/include -I../../Reconstruction/SILICONS/include -I../../Reconstruction/SAMURAI/include -I../../Reconstruction/ESPRI/include    -c -o src/TAlEncSILICONSExample.o src/TAlEncSILICONSExample.cc
g++ -fPIC -Iinclude -pthread -std=c++11 -m64 -I/opt/root_6.16.0/include -g -Wall -I../Core/include -I../../Core/include -I../../Nadeko/include -I../../Reconstruction/WINDS/include -I../../Reconstruction/DALI/include -I../../Reconstruction/MINOS/include -I../../Reconstruction/BigRIPS/include -I../../Reconstruction/CATANA/include -I../../Reconstruction/SILICONS/include -I../../Reconstruction/SAMURAI/include -I../../Reconstruction/ESPRI/include    -c -o src/TAlEncDALIExample.o src/TAlEncDALIExample.cc
g++ -fPIC -Iinclude -pthread -std=c++11 -m64 -I/opt/root_6.16.0/include -g -Wall -I../Core/include -I../../Core/include -I../../Nadeko/include -I../../Reconstruction/WINDS/include -I../../Reconstruction/DALI/include -I../../Reconstruction/MINOS/include -I../../Reconstruction/BigRIPS/include -I../../Reconstruction/CATANA/include -I../../Reconstruction/SILICONS/include -I../../Reconstruction/SAMURAI/include -I../../Reconstruction/ESPRI/include    -c -o src/TAlEncICExample.o src/TAlEncICExample.cc
/bin/sh ../../../libtool  --tag=CXX   --mode=link g++  -fPIC -Iinclude -pthread -std=c++11 -m64 -I/opt/root_6.16.0/include -g -Wall -I../Core/include -I../../Core/include -I../../Nadeko/include -I../../Reconstruction/WINDS/include -I../../Reconstruction/DALI/include -I../../Reconstruction/MINOS/include -I../../Reconstruction/BigRIPS/include -I../../Reconstruction/CATANA/include -I../../Reconstruction/SILICONS/include -I../../Reconstruction/SAMURAI/include -I../../Reconstruction/ESPRI/include  -L/opt/root_6.16.0/lib -lGui -lCore -lImt -lRIO -lNet -lHist -lGraf -lGraf3d -lGpad -lROOTVecOps -lTree -lTreePlayer -lRint -lPostscript -lMatrix -lPhysics -lMathCore -lThread -lMultiProc -lROOTDataFrame -pthread -lm -ldl -rdynamic -L/opt/root_6.16.0/lib -lGui -lCore -lImt -lRIO -lNet -lHist -lGraf -lGraf3d -lGpad -lROOTVecOps -lTree -lTreePlayer -lRint -lPostscript -lMatrix -lPhysics -lMathCore -lThread -lMultiProc -lROOTDataFrame -pthread -lm -ldl -rdynamic -o libanaloopencexample.la -rpath /opt/anaroot/lib  analoopencexample_dict.lo src/TAlEncPlasticExample.o src/TAlEncSAMURAITZeroExample.o src/TAlEncSAMURAIPlaExample.o src/TAlEncSAMURAINeutronExample.o src/TAlEncCATANAExample.o src/TAlEncRPTOFExample.o src/TAlEncWINDSExample.o src/TAlEncGlobalExample.o src/TAlEncSAMURAIICExample.o src/TAlEncMatrixExample.o src/TAlEncPIDExample.o src/TAlEncRawDataExample.o src/TAlEncSAMURAIDCExample.o src/TAlEncExample.o src/TAlEncRPDCExample.o src/TAlEncPPACExample.o src/TAlEncNeuLANDExample.o src/TAlEncNEBULAHPCExample.o src/TAlEncNEBULAExample.o src/TAlEncSAMURAIHODExample.o src/TAlEncHIMEExample.o src/TAlEncESPRIExample.o src/TAlEncSAMURAITEDExample.o src/TAlEncSAMURAIFrag.o src/TAlEncNINJAExample.o src/TAlEncSILICONSExample.o src/TAlEncDALIExample.o src/TAlEncICExample.o 

*** Warning: Linking the shared library libanaloopencexample.la against the non-libtool
*** objects  src/TAlEncPlasticExample.o src/TAlEncSAMURAITZeroExample.o src/TAlEncSAMURAIPlaExample.o src/TAlEncSAMURAINeutronExample.o src/TAlEncCATANAExample.o src/TAlEncRPTOFExample.o src/TAlEncWINDSExample.o src/TAlEncGlobalExample.o src/TAlEncSAMURAIICExample.o src/TAlEncMatrixExample.o src/TAlEncPIDExample.o src/TAlEncRawDataExample.o src/TAlEncSAMURAIDCExample.o src/TAlEncExample.o src/TAlEncRPDCExample.o src/TAlEncPPACExample.o src/TAlEncNeuLANDExample.o src/TAlEncNEBULAHPCExample.o src/TAlEncNEBULAExample.o src/TAlEncSAMURAIHODExample.o src/TAlEncHIMEExample.o src/TAlEncESPRIExample.o src/TAlEncSAMURAITEDExample.o src/TAlEncSAMURAIFrag.o src/TAlEncNINJAExample.o src/TAlEncSILICONSExample.o src/TAlEncDALIExample.o src/TAlEncICExample.o is not portable!
libtool: link: rm -fr  .libs/libanaloopencexample.la .libs/libanaloopencexample.lai .libs/libanaloopencexample.so .libs/libanaloopencexample.so.0 .libs/libanaloopencexample.so.0.0.0
libtool: link: g++  -fPIC -DPIC -shared -nostdlib /usr/lib/gcc/x86_64-redhat-linux/8/../../../../lib64/crti.o /usr/lib/gcc/x86_64-redhat-linux/8/crtbeginS.o  .libs/analoopencexample_dict.o  src/TAlEncPlasticExample.o src/TAlEncSAMURAITZeroExample.o src/TAlEncSAMURAIPlaExample.o src/TAlEncSAMURAINeutronExample.o src/TAlEncCATANAExample.o src/TAlEncRPTOFExample.o src/TAlEncWINDSExample.o src/TAlEncGlobalExample.o src/TAlEncSAMURAIICExample.o src/TAlEncMatrixExample.o src/TAlEncPIDExample.o src/TAlEncRawDataExample.o src/TAlEncSAMURAIDCExample.o src/TAlEncExample.o src/TAlEncRPDCExample.o src/TAlEncPPACExample.o src/TAlEncNeuLANDExample.o src/TAlEncNEBULAHPCExample.o src/TAlEncNEBULAExample.o src/TAlEncSAMURAIHODExample.o src/TAlEncHIMEExample.o src/TAlEncESPRIExample.o src/TAlEncSAMURAITEDExample.o src/TAlEncSAMURAIFrag.o src/TAlEncNINJAExample.o src/TAlEncSILICONSExample.o src/TAlEncDALIExample.o src/TAlEncICExample.o   -L/opt/root_6.16.0/lib -lGui -lCore -lImt -lRIO -lNet -lHist -lGraf -lGraf3d -lGpad -lROOTVecOps -lTree -lTreePlayer -lRint -lPostscript -lMatrix -lPhysics -lMathCore -lThread -lMultiProc -lROOTDataFrame -ldl -L/usr/lib/gcc/x86_64-redhat-linux/8 -L/usr/lib/gcc/x86_64-redhat-linux/8/../../../../lib64 -L/lib/../lib64 -L/usr/lib/../lib64 -L/usr/lib/gcc/x86_64-redhat-linux/8/../../.. -lstdc++ -lm -lc -lgcc_s /usr/lib/gcc/x86_64-redhat-linux/8/crtendS.o /usr/lib/gcc/x86_64-redhat-linux/8/../../../../lib64/crtn.o  -pthread -m64 -g -pthread -pthread   -pthread -Wl,-soname -Wl,libanaloopencexample.so.0 -o .libs/libanaloopencexample.so.0.0.0
libtool: link: (cd ".libs" && rm -f "libanaloopencexample.so.0" && ln -s "libanaloopencexample.so.0.0.0" "libanaloopencexample.so.0")
libtool: link: (cd ".libs" && rm -f "libanaloopencexample.so" && ln -s "libanaloopencexample.so.0.0.0" "libanaloopencexample.so")
libtool: link: ( cd ".libs" && rm -f "libanaloopencexample.la" && ln -s "../libanaloopencexample.la" "libanaloopencexample.la" )
make[3]: Leaving directory '/home/quser/src/anaroot/sources/AnaLoop/EncExample'
make[3]: Entering directory '/home/quser/src/anaroot/sources/AnaLoop'
make[3]: Nothing to be done for 'all-am'.
make[3]: Leaving directory '/home/quser/src/anaroot/sources/AnaLoop'
make[2]: Leaving directory '/home/quser/src/anaroot/sources/AnaLoop'
make[2]: Entering directory '/home/quser/src/anaroot/sources'
/bin/sh ../libtool  --tag=CC   --mode=link gcc  -g -O2   -o libanaroot.la -rpath /opt/anaroot/lib  AnaLoop/Core/libanaloop.la AnaLoop/Example/libanaloopexample.la AnaLoop/EncExample/libanaloopencexample.la Core/libanacore.la Nadeko/libananadeko.la Reconstruction/BigRIPS/libanabrips.la Reconstruction/DALI/libanadali.la Reconstruction/WINDS/libanawinds.la Reconstruction/ESPRI/libanaespri.la Reconstruction/SAMURAI/libanasamurai.la Reconstruction/SILICONS/libanasilicons.la Reconstruction/CATANA/libanacatana.la  
libtool: link: gcc -shared  -fPIC -DPIC   -Wl,-rpath -Wl,/home/quser/src/anaroot/sources/AnaLoop/Core/.libs -Wl,-rpath -Wl,/home/quser/src/anaroot/sources/AnaLoop/Example/.libs -Wl,-rpath -Wl,/home/quser/src/anaroot/sources/AnaLoop/EncExample/.libs -Wl,-rpath -Wl,/home/quser/src/anaroot/sources/Core/.libs -Wl,-rpath -Wl,/home/quser/src/anaroot/sources/Nadeko/.libs -Wl,-rpath -Wl,/home/quser/src/anaroot/sources/Reconstruction/BigRIPS/.libs -Wl,-rpath -Wl,/home/quser/src/anaroot/sources/Reconstruction/DALI/.libs -Wl,-rpath -Wl,/home/quser/src/anaroot/sources/Reconstruction/WINDS/.libs -Wl,-rpath -Wl,/home/quser/src/anaroot/sources/Reconstruction/ESPRI/.libs -Wl,-rpath -Wl,/home/quser/src/anaroot/sources/Reconstruction/SAMURAI/.libs -Wl,-rpath -Wl,/home/quser/src/anaroot/sources/Reconstruction/SILICONS/.libs -Wl,-rpath -Wl,/home/quser/src/anaroot/sources/Reconstruction/CATANA/.libs -Wl,-rpath -Wl,/opt/anaroot/lib AnaLoop/Core/.libs/libanaloop.so -L/opt/root_6.16.0/lib AnaLoop/Example/.libs/libanaloopexample.so AnaLoop/EncExample/.libs/libanaloopencexample.so Core/.libs/libanacore.so Nadeko/.libs/libananadeko.so Reconstruction/BigRIPS/.libs/libanabrips.so Reconstruction/DALI/.libs/libanadali.so Reconstruction/WINDS/.libs/libanawinds.so Reconstruction/ESPRI/.libs/libanaespri.so Reconstruction/SAMURAI/.libs/libanasamurai.so Reconstruction/SILICONS/.libs/libanasilicons.so Reconstruction/CATANA/.libs/libanacatana.so -lGui -lCore -lImt -lRIO -lNet -lHist -lGraf -lGraf3d -lGpad -lROOTVecOps -lTree -lTreePlayer -lRint -lPostscript -lMatrix -lPhysics -lMathCore -lThread -lMultiProc -lROOTDataFrame -ldl  -g -O2   -pthread -Wl,-soname -Wl,libanaroot.so.0 -o .libs/libanaroot.so.0.0.0
libtool: link: (cd ".libs" && rm -f "libanaroot.so.0" && ln -s "libanaroot.so.0.0.0" "libanaroot.so.0")
libtool: link: (cd ".libs" && rm -f "libanaroot.so" && ln -s "libanaroot.so.0.0.0" "libanaroot.so")
libtool: link: ( cd ".libs" && rm -f "libanaroot.la" && ln -s "../libanaroot.la" "libanaroot.la" )
make[2]: Leaving directory '/home/quser/src/anaroot/sources'
make[1]: Leaving directory '/home/quser/src/anaroot/sources'
make[1]: Entering directory '/home/quser/src/anaroot'
make[1]: Nothing to be done for 'all-am'.
make[1]: Leaving directory '/home/quser/src/anaroot'
